# Serial Port vs IDP Detection Result Comparison Log
# Format: [TIMESTAMP] ROUND_ID | SERIAL_RESULT | IDP_RESULT | MATCH_STATUS | NOTES
# ================================================================================
[2025-11-18 14:15:46.319] ARO-001-a06a1296-92d7-43a9-aa7b-53b0e92ae33f | SERIAL: 32 | IDP: [''] | MISMATCH | IDP result null/empty; Format difference: Serial=int, IDP=list
[2025-11-18 14:16:32.828] ARO-001-88dd6c02-0a5b-4b42-8b55-cbc6169aa33d | SERIAL: 21 | IDP: [''] | MISMATCH | IDP result null/empty; Format difference: Serial=int, IDP=list
[2025-11-18 14:17:20.826] ARO-001-272071a7-3a94-4092-992e-f9934e868f84 | SERIAL: 29 | IDP: [''] | MISMATCH | IDP result null/empty; Format difference: Serial=int, IDP=list
[2025-11-18 14:18:08.826] ARO-001-f2447c7c-c3ed-4b2a-af37-51ce9a719406 | SERIAL: 5 | IDP: [''] | MISMATCH | IDP result null/empty; Format difference: Serial=int, IDP=list
[2025-11-19 05:00:59.687] ARO-001-daaf3d6b-6fe9-45a9-a5f0-fc5ec342c2b6 | SERIAL: 13 | IDP: [''] | MISMATCH | IDP result null/empty; Format difference: Serial=int, IDP=list
[2025-11-19 05:01:42.175] ARO-001-68eeb8ad-47f9-49d9-8b07-1d72528d46c4 | SERIAL: 16 | IDP: [''] | MISMATCH | IDP result null/empty; Format difference: Serial=int, IDP=list
[2025-11-19 05:02:47.413] ARO-001-98f370df-274a-4d4a-a46c-0ca278e9794e | SERIAL: 24 | IDP: [''] | MISMATCH | IDP result null/empty; Format difference: Serial=int, IDP=list
[2025-11-19 05:03:23.678] ARO-001-86244681-b8b6-48c2-b909-895f447ee676 | SERIAL: 2 | IDP: [''] | MISMATCH | IDP result null/empty; Format difference: Serial=int, IDP=list
[2025-11-19 05:04:13.675] ARO-001-fe9eabc4-c2d5-4e72-8aee-eea6c18a1f14 | SERIAL: 6 | IDP: [''] | MISMATCH | IDP result null/empty; Format difference: Serial=int, IDP=list
[2025-11-19 05:04:55.182] ARO-001-205f0dbe-30a1-4548-9953-0233cc1e1dc9 | SERIAL: 16 | IDP: [''] | MISMATCH | IDP result null/empty; Format difference: Serial=int, IDP=list
[2025-11-19 05:05:43.697] ARO-001-9d00f533-e145-4887-b5e9-6352c6e5d2da | SERIAL: 3 | IDP: [''] | MISMATCH | IDP result null/empty; Format difference: Serial=int, IDP=list
[2025-11-19 05:06:29.200] ARO-001-084e1982-74b3-4e32-9e47-9899fea0b807 | SERIAL: 15 | IDP: [''] | MISMATCH | IDP result null/empty; Format difference: Serial=int, IDP=list
[2025-11-19 05:07:15.204] ARO-001-b968ea8b-f6f4-4e1c-95c4-d62a7edfbf96 | SERIAL: 9 | IDP: [''] | MISMATCH | IDP result null/empty; Format difference: Serial=int, IDP=list
[2025-11-19 05:07:56.699] ARO-001-928ccac0-716c-44f5-a590-86c50ee5b840 | SERIAL: 25 | IDP: [''] | MISMATCH | IDP result null/empty; Format difference: Serial=int, IDP=list
[2025-11-19 05:08:44.706] ARO-001-6f6754a5-2024-4808-a93a-e5924a46a153 | SERIAL: 9 | IDP: [''] | MISMATCH | IDP result null/empty; Format difference: Serial=int, IDP=list
[2025-11-19 05:09:23.223] ARO-001-46ad341a-05d6-43b5-9bdd-cdcff5778799 | SERIAL: 16 | IDP: [''] | MISMATCH | IDP result null/empty; Format difference: Serial=int, IDP=list
[2025-11-19 05:10:12.731] ARO-001-6cf324dd-1ab5-4e31-8e30-043eda7e2408 | SERIAL: 22 | IDP: [''] | MISMATCH | IDP result null/empty; Format difference: Serial=int, IDP=list
[2025-11-19 05:12:40.744] ARO-001-ae8153df-f7fc-451e-8cc5-983bc89a91e9 | SERIAL: 9 | IDP: [''] | MISMATCH | IDP result null/empty; Format difference: Serial=int, IDP=list
[2025-11-19 05:13:33.694] ARO-001-d905419f-7123-4058-bc28-5a850844e748 | SERIAL: 12 | IDP: [''] | MISMATCH | IDP result null/empty; Format difference: Serial=int, IDP=list
[2025-11-19 05:14:12.755] ARO-001-d033a57d-6799-4bdc-a5d6-e270eebbd294 | SERIAL: 26 | IDP: [''] | MISMATCH | IDP result null/empty; Format difference: Serial=int, IDP=list
[2025-11-19 05:14:56.746] ARO-001-ac78eb36-36c9-4fae-9380-823de4ea4980 | SERIAL: 3 | IDP: [''] | MISMATCH | IDP result null/empty; Format difference: Serial=int, IDP=list
[2025-11-19 05:15:41.757] ARO-001-d0027d41-d2f1-4ed3-b039-0091cd3e66a1 | SERIAL: 2 | IDP: [''] | MISMATCH | IDP result null/empty; Format difference: Serial=int, IDP=list
[2025-11-19 05:16:27.765] ARO-001-0259c84f-8de7-4179-b4ec-8ba18515bb5c | SERIAL: 36 | IDP: [''] | MISMATCH | IDP result null/empty; Format difference: Serial=int, IDP=list
[2025-11-19 05:17:12.257] ARO-001-c65bf610-8faf-4c2e-8086-61df61fad139 | SERIAL: 15 | IDP: [''] | MISMATCH | IDP result null/empty; Format difference: Serial=int, IDP=list
[2025-11-19 05:18:10.259] ARO-001-345c6560-c126-4a51-aaf3-9576097b5b30 | SERIAL: 21 | IDP: [''] | MISMATCH | IDP result null/empty; Format difference: Serial=int, IDP=list
[2025-11-19 05:18:59.263] ARO-001-4f7de31a-df1a-476f-a043-7db9eb1c9eb4 | SERIAL: 30 | IDP: [''] | MISMATCH | IDP result null/empty; Format difference: Serial=int, IDP=list
[2025-11-19 05:19:46.769] ARO-001-3050e6cf-ab33-4735-bbf0-1d5d9d271a6c | SERIAL: 17 | IDP: [''] | MISMATCH | IDP result null/empty; Format difference: Serial=int, IDP=list
[2025-11-19 05:20:33.775] ARO-001-f30ec5ae-21b7-493c-9314-3c8230763f5a | SERIAL: 23 | IDP: [''] | MISMATCH | IDP result null/empty; Format difference: Serial=int, IDP=list
[2025-11-19 05:21:20.804] ARO-001-864cc0db-9420-4511-8e6a-c8b671edd782 | SERIAL: 23 | IDP: [''] | MISMATCH | IDP result null/empty; Format difference: Serial=int, IDP=list
[2025-11-19 05:23:28.304] ARO-001-f7d3941f-605d-4031-b064-cd2ff79bfa1f | SERIAL: 35 | IDP: [''] | MISMATCH | IDP result null/empty; Format difference: Serial=int, IDP=list
[2025-11-19 05:24:14.800] ARO-001-6a7dad6a-b092-46d2-8c32-4bd210161d5d | SERIAL: 14 | IDP: [''] | MISMATCH | IDP result null/empty; Format difference: Serial=int, IDP=list
[2025-11-19 05:25:14.816] ARO-001-a183bf21-6abb-4c04-92a9-87a371d7be5e | SERIAL: 13 | IDP: [''] | MISMATCH | IDP result null/empty; Format difference: Serial=int, IDP=list
[2025-11-19 05:25:56.313] ARO-001-23901a9e-bd8d-467b-b018-20262625341b | SERIAL: 33 | IDP: [''] | MISMATCH | IDP result null/empty; Format difference: Serial=int, IDP=list
[2025-11-19 05:26:48.811] ARO-001-a47aef51-c944-403d-bcc1-159a4a839e9b | SERIAL: 20 | IDP: [''] | MISMATCH | IDP result null/empty; Format difference: Serial=int, IDP=list
[2025-11-19 05:27:31.310] ARO-001-161e64bd-a8fb-469d-b2f6-d2f2e2ea8a73 | SERIAL: 25 | IDP: [''] | MISMATCH | IDP result null/empty; Format difference: Serial=int, IDP=list
[2025-11-19 05:28:29.814] ARO-001-3f3cafa9-9175-44de-9bb9-15e60dcf761a | SERIAL: 8 | IDP: [''] | MISMATCH | IDP result null/empty; Format difference: Serial=int, IDP=list
[2025-11-19 05:29:11.826] ARO-001-4fa64d9b-55a6-4de5-9621-f0fb8eb4eb05 | SERIAL: 20 | IDP: [''] | MISMATCH | IDP result null/empty; Format difference: Serial=int, IDP=list
[2025-11-19 05:30:03.818] ARO-001-5a819800-74a4-4a71-9a49-73133e71c3ab | SERIAL: 22 | IDP: [''] | MISMATCH | IDP result null/empty; Format difference: Serial=int, IDP=list
[2025-11-19 05:31:15.271] ARO-001-5e340601-c136-4281-b66f-494403dafce5 | SERIAL: 32 | IDP: [''] | MISMATCH | IDP result null/empty; Format difference: Serial=int, IDP=list
[2025-11-19 05:32:21.848] ARO-001-ed9d7d56-231c-4ad1-b202-19df3b2c5bf7 | SERIAL: 33 | IDP: [''] | MISMATCH | IDP result null/empty; Format difference: Serial=int, IDP=list
[2025-11-19 05:33:31.575] ARO-001-4003607b-3ff0-43e8-972e-a7e449b48a44 | SERIAL: 35 | IDP: [''] | MISMATCH | IDP result null/empty; Format difference: Serial=int, IDP=list
[2025-11-19 05:34:10.858] ARO-001-638fc266-43b5-4b07-ba80-fe787b52d974 | SERIAL: 5 | IDP: [''] | MISMATCH | IDP result null/empty; Format difference: Serial=int, IDP=list
[2025-11-19 05:35:02.845] ARO-001-0bf63887-8868-4010-a5d9-9c6ec06b0d07 | SERIAL: 34 | IDP: [''] | MISMATCH | IDP result null/empty; Format difference: Serial=int, IDP=list
[2025-11-19 07:22:07.944] ARO-001-5c898cd7-8cae-4f9a-818e-c414352c6f57 | SERIAL: 19 | IDP: [''] | MISMATCH | IDP result null/empty; Format difference: Serial=int, IDP=list
[2025-11-19 07:22:54.958] ARO-001-1a661ff2-f917-4937-9ee8-dc2e5e173db8 | SERIAL: 11 | IDP: [''] | MISMATCH | IDP result null/empty; Format difference: Serial=int, IDP=list
[2025-11-19 07:23:44.454] ARO-001-5659582a-e692-43f1-9523-9dade6815859 | SERIAL: 3 | IDP: [''] | MISMATCH | IDP result null/empty; Format difference: Serial=int, IDP=list
[2025-11-19 07:24:57.376] ARO-001-17ca30ca-dc47-4c31-a528-1894bac9b63e | SERIAL: 9 | IDP: [''] | MISMATCH | IDP result null/empty; Format difference: Serial=int, IDP=list
[2025-11-19 07:26:00.583] ARO-001-a253bfae-f9e3-4bc6-a733-2b39f81d6f63 | SERIAL: 1 | IDP: [''] | MISMATCH | IDP result null/empty; Format difference: Serial=int, IDP=list
[2025-11-19 07:26:37.966] ARO-001-82a361c7-cb67-49c0-a70d-b9d6c258b82e | SERIAL: 17 | IDP: [''] | MISMATCH | IDP result null/empty; Format difference: Serial=int, IDP=list
[2025-11-19 07:27:26.974] ARO-001-3f621cef-510a-4077-81d1-1e4baa04342d | SERIAL: 3 | IDP: [''] | MISMATCH | IDP result null/empty; Format difference: Serial=int, IDP=list
[2025-11-19 07:28:17.482] ARO-001-cf23e86d-bb02-4d14-8362-dd0eda3ff230 | SERIAL: 3 | IDP: [''] | MISMATCH | IDP result null/empty; Format difference: Serial=int, IDP=list
[2025-11-19 07:29:02.479] ARO-001-010f428d-2bc8-41dc-b375-0b23873019bc | SERIAL: 17 | IDP: [''] | MISMATCH | IDP result null/empty; Format difference: Serial=int, IDP=list
[2025-11-19 07:29:48.995] ARO-001-55f748f6-afe9-4336-91d7-c53cfe06c759 | SERIAL: 3 | IDP: [''] | MISMATCH | IDP result null/empty; Format difference: Serial=int, IDP=list
[2025-11-19 07:30:33.487] ARO-001-6c7b5cb0-5d3f-4903-9f8e-18ceb67200b6 | SERIAL: 23 | IDP: [''] | MISMATCH | IDP result null/empty; Format difference: Serial=int, IDP=list
[2025-11-19 07:31:18.496] ARO-001-fd654c81-459e-475f-b72d-42d3c4d67746 | SERIAL: 35 | IDP: [''] | MISMATCH | IDP result null/empty; Format difference: Serial=int, IDP=list
[2025-11-19 07:32:08.505] ARO-001-073854e0-d01d-4c04-a502-848f3b5b1747 | SERIAL: 34 | IDP: [''] | MISMATCH | IDP result null/empty; Format difference: Serial=int, IDP=list
[2025-11-19 07:32:53.506] ARO-001-0c8db96e-1789-4abf-9434-d1bff4cabd29 | SERIAL: 2 | IDP: [''] | MISMATCH | IDP result null/empty; Format difference: Serial=int, IDP=list
[2025-11-19 07:33:40.521] ARO-001-ec4b984f-5ec9-41de-b874-cf8548b39732 | SERIAL: 18 | IDP: [''] | MISMATCH | IDP result null/empty; Format difference: Serial=int, IDP=list
[2025-11-19 07:36:00.217] ARO-001-51c8e4d3-cc3d-4dc1-8e17-fcf3c427bffd | SERIAL: 28 | IDP: [''] | MISMATCH | IDP result null/empty; Format difference: Serial=int, IDP=list
[2025-11-19 07:37:04.917] ARO-001-0edbb146-18c4-44cb-b17e-9c1dacbd15e8 | SERIAL: 13 | IDP: [''] | MISMATCH | IDP result null/empty; Format difference: Serial=int, IDP=list
[2025-11-19 07:38:10.886] ARO-001-c9983416-3199-4c61-b9fc-0fac2d5dca8e | SERIAL: 0 | IDP: [''] | MISMATCH | IDP result null/empty; Format difference: Serial=int, IDP=list
[2025-11-19 07:38:52.046] ARO-001-ab93b94d-ff62-44c0-a911-40749827f025 | SERIAL: 33 | IDP: [''] | MISMATCH | IDP result null/empty; Format difference: Serial=int, IDP=list
[2025-11-19 07:39:40.540] ARO-001-44d5f330-0f88-4a29-84fd-9c0513f52c9a | SERIAL: 22 | IDP: [''] | MISMATCH | IDP result null/empty; Format difference: Serial=int, IDP=list
[2025-11-19 07:40:24.045] ARO-001-215437e2-99da-418f-8a29-7eb4e96723c7 | SERIAL: 36 | IDP: [''] | MISMATCH | IDP result null/empty; Format difference: Serial=int, IDP=list
[2025-11-19 07:41:12.062] ARO-001-73deceaf-3caf-4043-8aca-f8479a957b44 | SERIAL: 8 | IDP: [''] | MISMATCH | IDP result null/empty; Format difference: Serial=int, IDP=list
[2025-11-19 07:43:21.056] ARO-001-39ac4ec2-4584-46ce-9e72-5911c47cc523 | SERIAL: 8 | IDP: [''] | MISMATCH | IDP result null/empty; Format difference: Serial=int, IDP=list
[2025-11-19 07:44:12.560] ARO-001-99f41ed1-3811-45f4-bb1a-32a0d12c87df | SERIAL: 0 | IDP: [''] | MISMATCH | IDP result null/empty; Format difference: Serial=int, IDP=list
[2025-11-19 07:45:02.578] ARO-001-acdf0a0f-6368-438c-a020-6639797877aa | SERIAL: 21 | IDP: [''] | MISMATCH | IDP result null/empty; Format difference: Serial=int, IDP=list
[2025-11-19 07:46:10.086] ARO-001-788c3ce2-63be-4975-b6cc-46ad16df28b0 | SERIAL: 11 | IDP: [''] | MISMATCH | IDP result null/empty; Format difference: Serial=int, IDP=list
[2025-11-19 07:46:51.077] ARO-001-7fe623a6-0137-46b7-911e-c4d0b24ed080 | SERIAL: 0 | IDP: [''] | MISMATCH | IDP result null/empty; Format difference: Serial=int, IDP=list
[2025-11-19 07:47:46.085] ARO-001-dcdb78f4-9869-46a9-8ed1-ab0cb79f1b92 | SERIAL: 25 | IDP: [''] | MISMATCH | IDP result null/empty; Format difference: Serial=int, IDP=list
[2025-11-19 07:48:35.098] ARO-001-3fd517d2-5a85-4f2c-be4c-de0058e7dcaf | SERIAL: 29 | IDP: [''] | MISMATCH | IDP result null/empty; Format difference: Serial=int, IDP=list
[2025-11-19 07:49:23.592] ARO-001-da832ea5-cc66-4947-a01e-77d0a5cecba8 | SERIAL: 5 | IDP: [''] | MISMATCH | IDP result null/empty; Format difference: Serial=int, IDP=list
[2025-11-19 07:51:25.611] ARO-001-817f6f15-544e-474d-8d0b-169b030e4d95 | SERIAL: 27 | IDP: [''] | MISMATCH | IDP result null/empty; Format difference: Serial=int, IDP=list
[2025-11-19 07:52:24.110] ARO-001-f74d9f8d-c68d-47ac-94fc-38857bb43794 | SERIAL: 28 | IDP: [''] | MISMATCH | IDP result null/empty; Format difference: Serial=int, IDP=list
[2025-11-19 07:53:08.623] ARO-001-1f53afe2-89ba-43ac-8702-05183ccd5f84 | SERIAL: 17 | IDP: [''] | MISMATCH | IDP result null/empty; Format difference: Serial=int, IDP=list
[2025-11-19 07:53:56.622] ARO-001-8b37ef5e-1f3a-48c6-bcaa-590868e2e29e | SERIAL: 1 | IDP: [''] | MISMATCH | IDP result null/empty; Format difference: Serial=int, IDP=list
[2025-11-19 07:54:42.122] ARO-001-9751377f-2fac-4c15-bb4c-9eaf2668ac26 | SERIAL: 12 | IDP: [''] | MISMATCH | IDP result null/empty; Format difference: Serial=int, IDP=list
[2025-11-19 07:55:37.133] ARO-001-6c1a3952-193a-4b99-9f60-8f72bdccc7e6 | SERIAL: 17 | IDP: [''] | MISMATCH | IDP result null/empty; Format difference: Serial=int, IDP=list
[2025-11-19 07:56:18.638] ARO-001-47e2690c-b326-4743-9164-68cb32c3b32e | SERIAL: 10 | IDP: [''] | MISMATCH | IDP result null/empty; Format difference: Serial=int, IDP=list
[2025-11-19 07:57:07.632] ARO-001-d6f4341f-7101-49f8-a0d6-2448059a062a | SERIAL: 19 | IDP: [''] | MISMATCH | IDP result null/empty; Format difference: Serial=int, IDP=list
[2025-11-19 07:57:54.640] ARO-001-fd6e5202-4ee8-4ea3-ad21-ac2cf359ba6d | SERIAL: 20 | IDP: [''] | MISMATCH | IDP result null/empty; Format difference: Serial=int, IDP=list
[2025-11-19 07:58:39.157] ARO-001-8ecf9a76-8646-4487-a590-7199689bd4b3 | SERIAL: 15 | IDP: [''] | MISMATCH | IDP result null/empty; Format difference: Serial=int, IDP=list
[2025-11-19 07:59:27.647] ARO-001-a3392d46-22da-4288-9120-d3b650d030d0 | SERIAL: 10 | IDP: [''] | MISMATCH | IDP result null/empty; Format difference: Serial=int, IDP=list
[2025-11-19 08:00:14.166] ARO-001-588d8f6c-5f89-41d2-ad59-ddca08999573 | SERIAL: 16 | IDP: [''] | MISMATCH | IDP result null/empty; Format difference: Serial=int, IDP=list
[2025-11-19 08:00:58.164] ARO-001-1bd61228-ff24-4b8b-8554-f26912ef5485 | SERIAL: 33 | IDP: [''] | MISMATCH | IDP result null/empty; Format difference: Serial=int, IDP=list
[2025-11-19 08:01:50.668] ARO-001-c3c5c57f-53fd-43a3-8130-6a7dee531b16 | SERIAL: 22 | IDP: [''] | MISMATCH | IDP result null/empty; Format difference: Serial=int, IDP=list
[2025-11-19 08:02:37.172] ARO-001-880a08b0-c611-42e1-9ca1-f3788c54ac06 | SERIAL: 32 | IDP: [''] | MISMATCH | IDP result null/empty; Format difference: Serial=int, IDP=list
[2025-11-19 08:03:26.173] ARO-001-12caf5c1-a44d-45ba-88ca-b48a231c8833 | SERIAL: 20 | IDP: [''] | MISMATCH | IDP result null/empty; Format difference: Serial=int, IDP=list
[2025-11-19 08:04:12.678] ARO-001-a5494dc4-1821-4206-8480-7bfa80957e9a | SERIAL: 21 | IDP: [''] | MISMATCH | IDP result null/empty; Format difference: Serial=int, IDP=list
[2025-11-19 08:05:01.179] ARO-001-6dff0735-2f51-49b4-96a9-8f8c1374697c | SERIAL: 12 | IDP: [''] | MISMATCH | IDP result null/empty; Format difference: Serial=int, IDP=list
[2025-11-19 08:05:45.689] ARO-001-edee6938-ebee-4b01-af2c-6eee2fbc1933 | SERIAL: 25 | IDP: [''] | MISMATCH | IDP result null/empty; Format difference: Serial=int, IDP=list
[2025-11-19 08:06:33.695] ARO-001-3c59dad3-d00c-43b4-8a52-3071a375328b | SERIAL: 3 | IDP: [''] | MISMATCH | IDP result null/empty; Format difference: Serial=int, IDP=list
[2025-11-19 08:08:39.710] ARO-001-1aa11d06-27ab-4a60-96ec-766f03c4e270 | SERIAL: 27 | IDP: [''] | MISMATCH | IDP result null/empty; Format difference: Serial=int, IDP=list
[2025-11-19 08:09:25.210] ARO-001-df7548b4-faee-4df4-9f1b-46459bcd7fe4 | SERIAL: 17 | IDP: [''] | MISMATCH | IDP result null/empty; Format difference: Serial=int, IDP=list
[2025-11-19 08:10:13.225] ARO-001-e025ede8-7798-49e2-a0b9-b7a298b1fc03 | SERIAL: 27 | IDP: [''] | MISMATCH | IDP result null/empty; Format difference: Serial=int, IDP=list
[2025-11-19 08:10:58.211] ARO-001-d10522c8-c854-4809-b44a-59c22507984e | SERIAL: 35 | IDP: [''] | MISMATCH | IDP result null/empty; Format difference: Serial=int, IDP=list
[2025-11-19 08:11:44.719] ARO-001-d26e1fbc-239a-43bc-b8f4-84c52faf122f | SERIAL: 12 | IDP: [''] | MISMATCH | IDP result null/empty; Format difference: Serial=int, IDP=list
[2025-11-19 08:12:35.218] ARO-001-eeca0edb-7229-4397-8fc0-e8c3c6e08625 | SERIAL: 6 | IDP: [''] | MISMATCH | IDP result null/empty; Format difference: Serial=int, IDP=list
[2025-11-19 08:13:50.218] ARO-001-bb01ceaa-5080-4816-bb5c-20164c85917b | SERIAL: 12 | IDP: [''] | MISMATCH | IDP result null/empty; Format difference: Serial=int, IDP=list
[2025-11-19 08:14:30.229] ARO-001-6b02e347-bb94-40f9-84a5-cf999e84b927 | SERIAL: 17 | IDP: [''] | MISMATCH | IDP result null/empty; Format difference: Serial=int, IDP=list
[2025-11-19 08:15:21.731] ARO-001-5e173fa7-25ca-439b-a915-a6f331960124 | SERIAL: 31 | IDP: [''] | MISMATCH | IDP result null/empty; Format difference: Serial=int, IDP=list
[2025-11-19 08:17:17.755] ARO-001-0a0d5831-3abd-419d-ac1d-8d255bb6fa4f | SERIAL: 8 | IDP: [''] | MISMATCH | IDP result null/empty; Format difference: Serial=int, IDP=list
[2025-11-19 08:18:15.265] ARO-001-c53b55a9-d861-4c9d-af58-b9cadb7080db | SERIAL: 15 | IDP: [''] | MISMATCH | IDP result null/empty; Format difference: Serial=int, IDP=list
[2025-11-19 08:18:58.770] ARO-001-e2b23ef5-e82b-494b-922a-e98207b19dd2 | SERIAL: 29 | IDP: [''] | MISMATCH | IDP result null/empty; Format difference: Serial=int, IDP=list
[2025-11-19 08:19:48.270] ARO-001-e7211ded-032a-418c-9054-6f633647ba48 | SERIAL: 0 | IDP: [''] | MISMATCH | IDP result null/empty; Format difference: Serial=int, IDP=list
[2025-11-19 08:20:38.271] ARO-001-89abe89d-e4e2-4c2b-af2b-5fbf66e41699 | SERIAL: 32 | IDP: [''] | MISMATCH | IDP result null/empty; Format difference: Serial=int, IDP=list
[2025-11-19 08:23:44.786] ARO-001-93d916b8-d668-4f52-a5a9-988125243709 | SERIAL: 24 | IDP: [''] | MISMATCH | IDP result null/empty; Format difference: Serial=int, IDP=list
[2025-11-19 09:31:56.157] ARO-001-8d3de9c6-1678-449b-b272-be5a63c498a8 | SERIAL: 21 | IDP: [''] | MISMATCH | IDP result null/empty; Format difference: Serial=int, IDP=list
[2025-11-19 09:32:49.169] ARO-001-e4f9dc55-aaa3-4b4a-88fa-7173d1c6fc88 | SERIAL: 24 | IDP: [''] | MISMATCH | IDP result null/empty; Format difference: Serial=int, IDP=list
[2025-11-19 09:33:33.170] ARO-001-863fdd92-4473-42fc-8ce7-1b9cb9657945 | SERIAL: 26 | IDP: [''] | MISMATCH | IDP result null/empty; Format difference: Serial=int, IDP=list
[2025-11-19 09:34:23.176] ARO-001-5105e7d0-0ba2-45e2-9a64-b2dbf4296e39 | SERIAL: 27 | IDP: [''] | MISMATCH | IDP result null/empty; Format difference: Serial=int, IDP=list
[2025-11-19 09:35:09.169] ARO-001-7b78ed55-06b8-4e3a-a65f-8c0d366ee663 | SERIAL: 18 | IDP: [''] | MISMATCH | IDP result null/empty; Format difference: Serial=int, IDP=list
[2025-11-19 09:35:59.687] ARO-001-94aa0f70-4f48-41bb-8696-cbeaa92a40d7 | SERIAL: 1 | IDP: [''] | MISMATCH | IDP result null/empty; Format difference: Serial=int, IDP=list
[2025-11-19 09:37:50.691] ARO-001-208ced17-48ca-4ca6-9f7c-cf25ea84218a | SERIAL: 17 | IDP: [''] | MISMATCH | IDP result null/empty; Format difference: Serial=int, IDP=list
[2025-11-19 09:38:40.199] ARO-001-2a159218-421f-4566-8f87-fb4bf0c6f25d | SERIAL: 26 | IDP: [''] | MISMATCH | IDP result null/empty; Format difference: Serial=int, IDP=list
[2025-11-19 09:39:55.234] ARO-001-88da7163-df56-4b28-a73f-a8240095755f | SERIAL: 23 | IDP: [''] | MISMATCH | IDP result null/empty; Format difference: Serial=int, IDP=list
[2025-11-19 09:40:28.199] ARO-001-696676d3-3a84-4f23-8f74-8903c5c31427 | SERIAL: 12 | IDP: [''] | MISMATCH | IDP result null/empty; Format difference: Serial=int, IDP=list
[2025-11-19 09:41:14.207] ARO-001-8e8a9f9e-91de-4286-b971-44c9fd5e2fdd | SERIAL: 8 | IDP: [''] | MISMATCH | IDP result null/empty; Format difference: Serial=int, IDP=list
[2025-11-19 09:42:18.560] ARO-001-38d9174b-d253-4e5f-98e2-b198e0d8c3e8 | SERIAL: 7 | IDP: [''] | MISMATCH | IDP result null/empty; Format difference: Serial=int, IDP=list
[2025-11-19 09:43:02.724] ARO-001-316ada83-deff-4f24-9c5f-e2d28b11f49f | SERIAL: 2 | IDP: [''] | MISMATCH | IDP result null/empty; Format difference: Serial=int, IDP=list
[2025-11-19 09:43:52.718] ARO-001-7cb002b8-cc83-409f-85d2-ec96fb2480aa | SERIAL: 4 | IDP: [''] | MISMATCH | IDP result null/empty; Format difference: Serial=int, IDP=list
[2025-11-19 09:44:40.222] ARO-001-b5897e9b-3dab-490a-8975-13f6660ada42 | SERIAL: 33 | IDP: [''] | MISMATCH | IDP result null/empty; Format difference: Serial=int, IDP=list
[2025-11-19 09:45:33.232] ARO-001-d6eb706b-7e45-4981-b71d-ecfd03f4e768 | SERIAL: 6 | IDP: [''] | MISMATCH | IDP result null/empty; Format difference: Serial=int, IDP=list
[2025-11-19 09:46:18.238] ARO-001-60fb9f4c-7500-468e-bfd0-e2be1964078e | SERIAL: 17 | IDP: [''] | MISMATCH | IDP result null/empty; Format difference: Serial=int, IDP=list
[2025-11-19 09:47:06.237] ARO-001-721ec810-32a0-4670-8599-cb8e764d55b3 | SERIAL: 10 | IDP: [''] | MISMATCH | IDP result null/empty; Format difference: Serial=int, IDP=list
[2025-11-19 09:47:51.253] ARO-001-4743d9f9-f75a-4d67-9ee9-16d065e57ce0 | SERIAL: 0 | IDP: [''] | MISMATCH | IDP result null/empty; Format difference: Serial=int, IDP=list
[2025-11-19 09:48:38.241] ARO-001-9da844d7-d0d1-4ec2-aff9-a9f8e04bf29f | SERIAL: 13 | IDP: [''] | MISMATCH | IDP result null/empty; Format difference: Serial=int, IDP=list
[2025-11-19 09:49:30.767] ARO-001-f016ac76-c2d0-43ed-a968-892523338db0 | SERIAL: 26 | IDP: [''] | MISMATCH | IDP result null/empty; Format difference: Serial=int, IDP=list
[2025-11-19 09:50:17.764] ARO-001-a304d043-bd2d-496a-9c0c-c532405cf9df | SERIAL: 33 | IDP: [''] | MISMATCH | IDP result null/empty; Format difference: Serial=int, IDP=list
[2025-11-19 09:51:24.033] ARO-001-6e7f4b3a-aa59-40c3-8a69-e7cf8fad0038 | SERIAL: 28 | IDP: [''] | MISMATCH | IDP result null/empty; Format difference: Serial=int, IDP=list
[2025-11-19 09:52:26.058] ARO-001-dfad0066-54ec-4d3f-8cdd-504f6fb5e6f6 | SERIAL: 16 | IDP: [''] | MISMATCH | IDP result null/empty; Format difference: Serial=int, IDP=list
[2025-11-19 09:53:07.767] ARO-001-736a64db-6554-495c-a5be-c0a89607cb94 | SERIAL: 15 | IDP: [''] | MISMATCH | IDP result null/empty; Format difference: Serial=int, IDP=list
[2025-11-19 09:53:57.790] ARO-001-5f90fb36-f682-47cd-a3f2-2eea671597fd | SERIAL: 22 | IDP: [''] | MISMATCH | IDP result null/empty; Format difference: Serial=int, IDP=list
[2025-11-19 09:54:41.289] ARO-001-4faec3a8-cc4e-4d34-9831-8eb653b576e5 | SERIAL: 28 | IDP: [''] | MISMATCH | IDP result null/empty; Format difference: Serial=int, IDP=list
[2025-11-19 09:55:37.292] ARO-001-71841962-18ad-4071-aa84-7ac1234d66e8 | SERIAL: 12 | IDP: [''] | MISMATCH | IDP result null/empty; Format difference: Serial=int, IDP=list
[2025-11-19 09:56:23.291] ARO-001-b711f718-220f-470c-bb53-8466cb1e449c | SERIAL: 19 | IDP: [''] | MISMATCH | IDP result null/empty; Format difference: Serial=int, IDP=list
[2025-11-19 09:57:23.808] ARO-001-5c075b2f-f6f7-466d-8d57-5ef6ed16e1d3 | SERIAL: 12 | IDP: [''] | MISMATCH | IDP result null/empty; Format difference: Serial=int, IDP=list
[2025-11-19 09:58:14.800] ARO-001-9d3b1228-0279-4481-9f41-980219aab3db | SERIAL: 18 | IDP: [''] | MISMATCH | IDP result null/empty; Format difference: Serial=int, IDP=list
[2025-11-19 09:59:04.311] ARO-001-3847e747-3d87-4c90-b57f-3ebabc6fe7a1 | SERIAL: 32 | IDP: [''] | MISMATCH | IDP result null/empty; Format difference: Serial=int, IDP=list
[2025-11-19 09:59:49.807] ARO-001-3da3466c-2bad-43b5-9f7c-6a1f98238e6c | SERIAL: 35 | IDP: [''] | MISMATCH | IDP result null/empty; Format difference: Serial=int, IDP=list
[2025-11-19 10:00:33.808] ARO-001-4a301760-5167-4bb2-a0c1-7d5f74357093 | SERIAL: 1 | IDP: [''] | MISMATCH | IDP result null/empty; Format difference: Serial=int, IDP=list
[2025-11-19 10:01:26.819] ARO-001-b2e9bed5-d17a-477d-8365-94339ad34467 | SERIAL: 36 | IDP: [''] | MISMATCH | IDP result null/empty; Format difference: Serial=int, IDP=list
[2025-11-19 10:02:17.833] ARO-001-8f8ed280-24c0-4289-8bc0-7d56b33af8bb | SERIAL: 10 | IDP: [''] | MISMATCH | IDP result null/empty; Format difference: Serial=int, IDP=list
[2025-11-19 10:03:04.838] ARO-001-99c50db1-2c53-4935-bf25-b33f43676a75 | SERIAL: 19 | IDP: [''] | MISMATCH | IDP result null/empty; Format difference: Serial=int, IDP=list
[2025-11-19 10:03:55.329] ARO-001-a6f03cab-736b-4dcb-98f6-081d13f06f72 | SERIAL: 1 | IDP: [''] | MISMATCH | IDP result null/empty; Format difference: Serial=int, IDP=list
[2025-11-19 10:04:46.836] ARO-001-692235b0-8ed2-4ea3-859b-ef4b92a258e0 | SERIAL: 8 | IDP: [''] | MISMATCH | IDP result null/empty; Format difference: Serial=int, IDP=list
[2025-11-19 10:05:37.847] ARO-001-6592a98c-3fb4-4fd2-bbd3-b7331878d845 | SERIAL: 11 | IDP: [''] | MISMATCH | IDP result null/empty; Format difference: Serial=int, IDP=list
[2025-11-19 10:06:24.352] ARO-001-bc973bf9-552e-479f-b3da-6a45c510eb68 | SERIAL: 5 | IDP: [''] | MISMATCH | IDP result null/empty; Format difference: Serial=int, IDP=list
[2025-11-19 10:07:14.865] ARO-001-6942ba97-e683-43e4-902d-81e75761b77c | SERIAL: 20 | IDP: [''] | MISMATCH | IDP result null/empty; Format difference: Serial=int, IDP=list
[2025-11-19 10:07:58.360] ARO-001-70bcd0c0-a3e3-4419-8539-f800ec1a01e8 | SERIAL: 7 | IDP: [''] | MISMATCH | IDP result null/empty; Format difference: Serial=int, IDP=list
[2025-11-19 10:08:47.361] ARO-001-ce699607-35d8-4700-9713-52334015d72c | SERIAL: 21 | IDP: [''] | MISMATCH | IDP result null/empty; Format difference: Serial=int, IDP=list
[2025-11-19 10:09:35.377] ARO-001-d66c4b88-c9f3-4b3d-b8c3-b103496e2c53 | SERIAL: 33 | IDP: [''] | MISMATCH | IDP result null/empty; Format difference: Serial=int, IDP=list
[2025-11-19 10:10:28.880] ARO-001-ac3087b7-01cf-46af-a9af-2c0d2bf2ccad | SERIAL: 29 | IDP: [''] | MISMATCH | IDP result null/empty; Format difference: Serial=int, IDP=list
[2025-11-19 10:11:14.383] ARO-001-3f522135-f16a-403a-b723-1f4405924105 | SERIAL: 36 | IDP: [''] | MISMATCH | IDP result null/empty; Format difference: Serial=int, IDP=list
[2025-11-19 10:12:10.884] ARO-001-0dc4c134-a251-4e1f-8b53-58830a8e6650 | SERIAL: 25 | IDP: [''] | MISMATCH | IDP result null/empty; Format difference: Serial=int, IDP=list
[2025-11-19 10:13:03.886] ARO-001-23071c0f-f498-4b47-bc20-f8dfff1d9520 | SERIAL: 23 | IDP: [''] | MISMATCH | IDP result null/empty; Format difference: Serial=int, IDP=list
[2025-11-19 10:13:58.395] ARO-001-1a0600db-463f-4860-897e-4fe59b629b0c | SERIAL: 26 | IDP: [''] | MISMATCH | IDP result null/empty; Format difference: Serial=int, IDP=list
[2025-11-19 10:14:47.892] ARO-001-c1de2a40-b489-4d1e-ae61-292a823d97a9 | SERIAL: 24 | IDP: [''] | MISMATCH | IDP result null/empty; Format difference: Serial=int, IDP=list
[2025-11-19 10:15:47.909] ARO-001-967e01c7-57ce-4498-9e80-36a2b9eca939 | SERIAL: 8 | IDP: [''] | MISMATCH | IDP result null/empty; Format difference: Serial=int, IDP=list
[2025-11-19 10:16:31.907] ARO-001-1b3e0e2f-0a1c-4711-acc1-6330681ee4d6 | SERIAL: 10 | IDP: [''] | MISMATCH | IDP result null/empty; Format difference: Serial=int, IDP=list
[2025-11-19 10:17:24.409] ARO-001-bf60bf3e-26cf-46ac-9fd2-495eab7fc9ac | SERIAL: 7 | IDP: [''] | MISMATCH | IDP result null/empty; Format difference: Serial=int, IDP=list
[2025-11-19 10:18:11.414] ARO-001-d124c520-2cff-477b-920c-71ec6391098f | SERIAL: 25 | IDP: [''] | MISMATCH | IDP result null/empty; Format difference: Serial=int, IDP=list
[2025-11-20 06:01:24.813] ARO-001-78069790-8775-4a1a-a569-f3f758d01d13 | SERIAL: 13 | IDP: DETECTION_FAILED | MISMATCH | IDP result null/empty; Format difference: Serial=int, IDP=str
[2025-11-20 06:02:10.813] ARO-001-a7ed0bcb-c622-4e05-84f3-4ced71ee1442 | SERIAL: 17 | IDP: DETECTION_FAILED | MISMATCH | IDP result null/empty; Format difference: Serial=int, IDP=str
[2025-11-20 06:02:58.830] ARO-001-22dd379a-9865-40b6-87a5-1c535bace940 | SERIAL: 25 | IDP: DETECTION_FAILED | MISMATCH | IDP result null/empty; Format difference: Serial=int, IDP=str
[2025-11-20 06:03:51.328] ARO-001-fe331906-2684-4a02-846a-9baeadba3898 | SERIAL: 15 | IDP: DETECTION_FAILED | MISMATCH | IDP result null/empty; Format difference: Serial=int, IDP=str
[2025-11-20 06:04:40.338] ARO-001-be80b210-60f8-4e43-9a69-106e5bef1a7a | SERIAL: 18 | IDP: DETECTION_FAILED | MISMATCH | IDP result null/empty; Format difference: Serial=int, IDP=str
[2025-11-20 06:05:46.411] ARO-001-bac358ec-0713-4570-bf12-2a606178285f | SERIAL: 35 | IDP: [''] | MISMATCH | IDP result null/empty; Format difference: Serial=int, IDP=list
[2025-11-20 06:06:13.347] ARO-001-49042334-d7d6-4b75-a207-62f48eb10de4 | SERIAL: 24 | IDP: DETECTION_FAILED | MISMATCH | IDP result null/empty; Format difference: Serial=int, IDP=str
[2025-11-20 06:07:02.356] ARO-001-04cc58c0-f2c1-4390-8f01-efb91e134f49 | SERIAL: 2 | IDP: DETECTION_FAILED | MISMATCH | IDP result null/empty; Format difference: Serial=int, IDP=str
[2025-11-20 06:07:49.348] ARO-001-15476cf2-7dbf-45da-9687-ee69b2094411 | SERIAL: 14 | IDP: DETECTION_FAILED | MISMATCH | IDP result null/empty; Format difference: Serial=int, IDP=str
[2025-11-20 06:08:49.366] ARO-001-7abb968d-4517-4f35-8d08-28938c0098b8 | SERIAL: 14 | IDP: DETECTION_FAILED | MISMATCH | IDP result null/empty; Format difference: Serial=int, IDP=str
[2025-11-20 06:09:37.367] ARO-001-706d2afe-1e89-46bc-bef8-64909c2f00bc | SERIAL: 15 | IDP: DETECTION_FAILED | MISMATCH | IDP result null/empty; Format difference: Serial=int, IDP=str
[2025-11-20 06:10:43.434] ARO-001-73b98bf3-2620-4c08-82de-c5570012d14b | SERIAL: 21 | IDP: [''] | MISMATCH | IDP result null/empty; Format difference: Serial=int, IDP=list
[2025-11-20 06:11:13.368] ARO-001-fe88e897-27f1-48a6-bff0-63327557d6d5 | SERIAL: 32 | IDP: DETECTION_FAILED | MISMATCH | IDP result null/empty; Format difference: Serial=int, IDP=str
[2025-11-20 06:11:57.368] ARO-001-bbb1a996-1a11-4336-bf0f-cb675775bc2e | SERIAL: 29 | IDP: DETECTION_FAILED | MISMATCH | IDP result null/empty; Format difference: Serial=int, IDP=str
[2025-11-20 06:12:59.950] ARO-001-ab6cb12a-26d5-44bd-83a2-94f458bd6c2c | SERIAL: 6 | IDP: [''] | MISMATCH | IDP result null/empty; Format difference: Serial=int, IDP=list
[2025-11-20 06:13:45.451] ARO-001-46ec673a-db48-4482-b70b-d9570d9c6976 | SERIAL: 26 | IDP: [''] | MISMATCH | IDP result null/empty; Format difference: Serial=int, IDP=list
[2025-11-20 06:14:14.890] ARO-001-2339b836-f6c1-4612-a23a-a82a94baf498 | SERIAL: 11 | IDP: DETECTION_FAILED | MISMATCH | IDP result null/empty; Format difference: Serial=int, IDP=str
[2025-11-20 06:15:24.465] ARO-001-c1e9589f-3389-4483-807b-beca68771e6a | SERIAL: 27 | IDP: [''] | MISMATCH | IDP result null/empty; Format difference: Serial=int, IDP=list
[2025-11-20 06:16:07.966] ARO-001-0ba798b9-8425-4718-998d-be835ab502ce | SERIAL: 25 | IDP: [''] | MISMATCH | IDP result null/empty; Format difference: Serial=int, IDP=list
[2025-11-20 06:16:38.397] ARO-001-5c8a18e7-75c8-4137-915c-b566f04d320a | SERIAL: 9 | IDP: DETECTION_FAILED | MISMATCH | IDP result null/empty; Format difference: Serial=int, IDP=str
[2025-11-20 06:17:40.979] ARO-001-37c33ff1-6242-45ba-bd03-795d2fc5ebb1 | SERIAL: 6 | IDP: [''] | MISMATCH | IDP result null/empty; Format difference: Serial=int, IDP=list
[2025-11-20 06:18:08.415] ARO-001-b66788f7-53b0-4fea-898f-413ebf6df7a0 | SERIAL: 8 | IDP: DETECTION_FAILED | MISMATCH | IDP result null/empty; Format difference: Serial=int, IDP=str
[2025-11-20 06:19:12.980] ARO-001-53830d64-0b7c-4511-86d2-905454284d5f | SERIAL: 29 | IDP: [''] | MISMATCH | IDP result null/empty; Format difference: Serial=int, IDP=list
[2025-11-20 06:19:41.921] ARO-001-a971b51a-b1cf-48bc-a9d5-6490d8b595da | SERIAL: 20 | IDP: DETECTION_FAILED | MISMATCH | IDP result null/empty; Format difference: Serial=int, IDP=str
[2025-11-20 06:20:47.494] ARO-001-d7b585f5-41da-4d0a-b58f-83103bdb2cb9 | SERIAL: 19 | IDP: [''] | MISMATCH | IDP result null/empty; Format difference: Serial=int, IDP=list
[2025-11-20 06:21:18.931] ARO-001-c4e83f06-fdf8-4adb-b97d-acca9a19ea8a | SERIAL: 3 | IDP: DETECTION_FAILED | MISMATCH | IDP result null/empty; Format difference: Serial=int, IDP=str
[2025-11-20 06:22:13.924] ARO-001-2dfb3ede-23ba-4f23-81aa-092f0e1cf9d7 | SERIAL: 24 | IDP: DETECTION_FAILED | MISMATCH | IDP result null/empty; Format difference: Serial=int, IDP=str
[2025-11-20 06:23:04.933] ARO-001-62f3e78c-00a5-4f07-9d3c-3341d4b66c9f | SERIAL: 29 | IDP: DETECTION_FAILED | MISMATCH | IDP result null/empty; Format difference: Serial=int, IDP=str
[2025-11-20 06:23:55.941] ARO-001-03491021-1f1d-4751-86f3-959eceffe849 | SERIAL: 14 | IDP: DETECTION_FAILED | MISMATCH | IDP result null/empty; Format difference: Serial=int, IDP=str
[2025-11-20 06:25:04.009] ARO-001-c67d1f68-09f9-4718-8023-7c36d088d027 | SERIAL: 29 | IDP: [''] | MISMATCH | IDP result null/empty; Format difference: Serial=int, IDP=list
[2025-11-20 06:25:49.520] ARO-001-783b673a-a4bb-4366-a586-817707e54789 | SERIAL: 35 | IDP: [''] | MISMATCH | IDP result null/empty; Format difference: Serial=int, IDP=list
[2025-11-20 06:26:24.952] ARO-001-ad45097b-8036-4af7-9fec-2a37aee84331 | SERIAL: 29 | IDP: DETECTION_FAILED | MISMATCH | IDP result null/empty; Format difference: Serial=int, IDP=str
[2025-11-20 06:27:30.522] ARO-001-a2b2eab4-668e-4434-b983-ece1008e318d | SERIAL: 33 | IDP: [''] | MISMATCH | IDP result null/empty; Format difference: Serial=int, IDP=list
[2025-11-20 06:28:05.466] ARO-001-adfeb7b2-2a25-4d74-b05b-e3e0d747b50c | SERIAL: 23 | IDP: DETECTION_FAILED | MISMATCH | IDP result null/empty; Format difference: Serial=int, IDP=str
[2025-11-20 06:28:51.962] ARO-001-83f9da79-f7d7-4e2e-a80a-00e25d663ef7 | SERIAL: 22 | IDP: DETECTION_FAILED | MISMATCH | IDP result null/empty; Format difference: Serial=int, IDP=str
[2025-11-20 06:30:03.039] ARO-001-db72ea08-a69b-41c1-a4a9-9515f059fe50 | SERIAL: 16 | IDP: [''] | MISMATCH | IDP result null/empty; Format difference: Serial=int, IDP=list
[2025-11-20 06:30:48.549] ARO-001-e00848ae-041b-4b57-a16e-279743f543c8 | SERIAL: 27 | IDP: [''] | MISMATCH | IDP result null/empty; Format difference: Serial=int, IDP=list
[2025-11-20 06:31:39.061] ARO-001-43f77668-6a59-4a32-90a6-3c52754d2194 | SERIAL: 7 | IDP: [''] | MISMATCH | IDP result null/empty; Format difference: Serial=int, IDP=list
[2025-11-20 06:32:25.557] ARO-001-ec726cd4-048f-440f-9af2-aac3fad2e1d2 | SERIAL: 27 | IDP: [''] | MISMATCH | IDP result null/empty; Format difference: Serial=int, IDP=list
[2025-11-20 06:33:12.494] ARO-001-b2639985-e831-4132-bc2a-fcdde7e31d7b | SERIAL: 27 | IDP: DETECTION_FAILED | MISMATCH | IDP result null/empty; Format difference: Serial=int, IDP=str
[2025-11-20 06:34:19.573] ARO-001-73f19e41-c84f-4431-be6e-75c417b5329f | SERIAL: 7 | IDP: [''] | MISMATCH | IDP result null/empty; Format difference: Serial=int, IDP=list
[2025-11-20 06:34:54.001] ARO-001-29fdf97e-8bdc-4bcd-9a33-f90ed111169d | SERIAL: 5 | IDP: DETECTION_FAILED | MISMATCH | IDP result null/empty; Format difference: Serial=int, IDP=str
[2025-11-20 06:35:40.002] ARO-001-cf5c2940-32ca-419b-89ea-449bb3eac88f | SERIAL: 10 | IDP: DETECTION_FAILED | MISMATCH | IDP result null/empty; Format difference: Serial=int, IDP=str
[2025-11-20 06:36:30.003] ARO-001-ba790806-3164-4efb-9219-96f5413a8891 | SERIAL: 18 | IDP: DETECTION_FAILED | MISMATCH | IDP result null/empty; Format difference: Serial=int, IDP=str
[2025-11-20 06:37:35.589] ARO-001-b9fb4754-7cde-4ea5-b9bb-fe32bcb5038d | SERIAL: 5 | IDP: [''] | MISMATCH | IDP result null/empty; Format difference: Serial=int, IDP=list
[2025-11-20 06:38:03.014] ARO-001-e8eee313-4638-4582-82fa-297dd9f31a53 | SERIAL: 19 | IDP: DETECTION_FAILED | MISMATCH | IDP result null/empty; Format difference: Serial=int, IDP=str
[2025-11-20 06:39:08.092] ARO-001-e357e31d-a69a-4980-a613-8e7b18981cb7 | SERIAL: 32 | IDP: [''] | MISMATCH | IDP result null/empty; Format difference: Serial=int, IDP=list
[2025-11-20 06:40:06.606] ARO-001-389c8528-472e-4b0a-960a-ad5c85856e8e | SERIAL: 0 | IDP: [''] | MISMATCH | IDP result null/empty; Format difference: Serial=int, IDP=list
[2025-11-20 06:40:56.609] ARO-001-5b4a01ed-536f-4cb2-be7c-80a41683b871 | SERIAL: 19 | IDP: [''] | MISMATCH | IDP result null/empty; Format difference: Serial=int, IDP=list
[2025-11-20 06:41:26.042] ARO-001-40d8f374-6226-4d50-a3f2-0610269398c5 | SERIAL: 2 | IDP: DETECTION_FAILED | MISMATCH | IDP result null/empty; Format difference: Serial=int, IDP=str
[2025-11-20 06:42:31.130] ARO-001-652194a4-638c-498f-9b10-b4b9648579be | SERIAL: 8 | IDP: [''] | MISMATCH | IDP result null/empty; Format difference: Serial=int, IDP=list
[2025-11-20 06:43:03.052] ARO-001-630ee074-9c4b-452d-9621-c9e8da25823a | SERIAL: 30 | IDP: DETECTION_FAILED | MISMATCH | IDP result null/empty; Format difference: Serial=int, IDP=str
[2025-11-20 06:43:51.053] ARO-001-73a983e8-2c2d-4cf9-8b89-8e46d47378de | SERIAL: 35 | IDP: DETECTION_FAILED | MISMATCH | IDP result null/empty; Format difference: Serial=int, IDP=str
[2025-11-20 06:44:37.549] ARO-001-d1daf816-1cf7-45ce-91eb-81a50974dcd2 | SERIAL: 17 | IDP: DETECTION_FAILED | MISMATCH | IDP result null/empty; Format difference: Serial=int, IDP=str
[2025-11-20 06:45:45.636] ARO-001-c8c0aaf5-ed48-4f0e-91a8-051a9bc70103 | SERIAL: 21 | IDP: [''] | MISMATCH | IDP result null/empty; Format difference: Serial=int, IDP=list
[2025-11-20 06:46:39.137] ARO-001-102e304b-4c0e-450d-a4ce-0cca49913a78 | SERIAL: 19 | IDP: [''] | MISMATCH | IDP result null/empty; Format difference: Serial=int, IDP=list
[2025-11-20 06:47:11.072] ARO-001-14d458e5-38f1-4ac6-89b0-0a9d19b8fae9 | SERIAL: 34 | IDP: DETECTION_FAILED | MISMATCH | IDP result null/empty; Format difference: Serial=int, IDP=str
[2025-11-20 06:47:58.065] ARO-001-7e97fe95-53a9-41e0-8d2a-a0edd232c798 | SERIAL: 7 | IDP: DETECTION_FAILED | MISMATCH | IDP result null/empty; Format difference: Serial=int, IDP=str
[2025-11-20 06:49:06.151] ARO-001-908eb005-9955-425f-a597-1cf9458dc70c | SERIAL: 24 | IDP: [''] | MISMATCH | IDP result null/empty; Format difference: Serial=int, IDP=list
[2025-11-20 06:49:53.655] ARO-001-341973f7-dd12-4797-8d9a-2583c8174e72 | SERIAL: 16 | IDP: [''] | MISMATCH | IDP result null/empty; Format difference: Serial=int, IDP=list
[2025-11-20 06:50:41.665] ARO-001-b4e74b98-33ed-4262-94a0-8dfbd1b2fada | SERIAL: 15 | IDP: [''] | MISMATCH | IDP result null/empty; Format difference: Serial=int, IDP=list
[2025-11-20 06:51:40.667] ARO-001-387c3bea-6059-4956-8332-2ad5dd92c09d | SERIAL: 13 | IDP: [''] | MISMATCH | IDP result null/empty; Format difference: Serial=int, IDP=list
[2025-11-20 06:52:26.665] ARO-001-2d534347-24d3-4a76-bb27-47f5ee609191 | SERIAL: 36 | IDP: [''] | MISMATCH | IDP result null/empty; Format difference: Serial=int, IDP=list
[2025-11-20 06:53:16.667] ARO-001-7e0dc9bb-0dcc-4058-a65b-e885dfc918f0 | SERIAL: 22 | IDP: [''] | MISMATCH | IDP result null/empty; Format difference: Serial=int, IDP=list
[2025-11-20 06:53:40.104] ARO-001-430cb1f8-8fac-4a9e-b3dd-850f38e174d0 | SERIAL: 26 | IDP: DETECTION_FAILED | MISMATCH | IDP result null/empty; Format difference: Serial=int, IDP=str
[2025-11-20 06:54:47.183] ARO-001-9bdd2996-bf22-46ac-9b76-0a9789418a11 | SERIAL: 17 | IDP: [''] | MISMATCH | IDP result null/empty; Format difference: Serial=int, IDP=list
[2025-11-20 06:55:13.113] ARO-001-3c59d69d-7c27-4822-872b-f85f12676517 | SERIAL: 10 | IDP: DETECTION_FAILED | MISMATCH | IDP result null/empty; Format difference: Serial=int, IDP=str
[2025-11-20 06:56:20.686] ARO-001-90269947-4e31-4f2f-86fc-307c5a4bde57 | SERIAL: 33 | IDP: [''] | MISMATCH | IDP result null/empty; Format difference: Serial=int, IDP=list
[2025-11-20 06:57:08.694] ARO-001-a289745b-1aa0-4d8b-ad0a-9503eae6ddb1 | SERIAL: 5 | IDP: [''] | MISMATCH | IDP result null/empty; Format difference: Serial=int, IDP=list
[2025-11-20 06:57:35.627] ARO-001-d13d4851-3ff0-4d8a-91ae-4db65d7f33fc | SERIAL: 22 | IDP: DETECTION_FAILED | MISMATCH | IDP result null/empty; Format difference: Serial=int, IDP=str
[2025-11-20 06:58:21.628] ARO-001-84cfae66-d64e-4b40-ac66-c309c6c4771a | SERIAL: 27 | IDP: DETECTION_FAILED | MISMATCH | IDP result null/empty; Format difference: Serial=int, IDP=str
[2025-11-20 06:59:19.629] ARO-001-deb28343-3469-4884-84c7-16d48ce66434 | SERIAL: 18 | IDP: DETECTION_FAILED | MISMATCH | IDP result null/empty; Format difference: Serial=int, IDP=str
[2025-11-20 07:00:21.718] ARO-001-5113cfed-0fd8-4940-a369-1cc66e233c08 | SERIAL: 14 | IDP: [''] | MISMATCH | IDP result null/empty; Format difference: Serial=int, IDP=list
[2025-11-20 07:01:15.716] ARO-001-4159e002-c09f-4ffc-9b3f-9cd75961ca8c | SERIAL: 36 | IDP: [''] | MISMATCH | IDP result null/empty; Format difference: Serial=int, IDP=list
[2025-11-20 07:01:45.151] ARO-001-1e54b52c-d216-485e-84a9-587e43fec99a | SERIAL: 25 | IDP: DETECTION_FAILED | MISMATCH | IDP result null/empty; Format difference: Serial=int, IDP=str
[2025-11-20 07:03:00.225] ARO-001-01d20147-c096-462a-902b-8590c9098d98 | SERIAL: 19 | IDP: [''] | MISMATCH | IDP result null/empty; Format difference: Serial=int, IDP=list
[2025-11-20 07:03:50.236] ARO-001-128b916c-bf08-4c37-b811-3f0b617aa419 | SERIAL: 17 | IDP: [''] | MISMATCH | IDP result null/empty; Format difference: Serial=int, IDP=list
[2025-11-20 07:04:42.727] ARO-001-163be863-55bd-4924-bd84-0f888d4e0fde | SERIAL: 17 | IDP: [''] | MISMATCH | IDP result null/empty; Format difference: Serial=int, IDP=list
[2025-11-20 07:05:26.231] ARO-001-a4177cd8-f6aa-41fd-8efd-d9631b6dfca9 | SERIAL: 29 | IDP: [''] | MISMATCH | IDP result null/empty; Format difference: Serial=int, IDP=list
[2025-11-20 07:06:14.254] ARO-001-7e86cc60-4f77-4520-9871-1bdfc6de6898 | SERIAL: 8 | IDP: [''] | MISMATCH | IDP result null/empty; Format difference: Serial=int, IDP=list
[2025-11-20 07:07:01.242] ARO-001-9d4c845f-c8a2-45e9-9e88-3d94c3813f0b | SERIAL: 1 | IDP: [''] | MISMATCH | IDP result null/empty; Format difference: Serial=int, IDP=list
[2025-11-20 07:07:51.256] ARO-001-79dd2142-aab6-42be-a64e-055dbe0f4b1e | SERIAL: 35 | IDP: [''] | MISMATCH | IDP result null/empty; Format difference: Serial=int, IDP=list
[2025-11-20 07:08:25.688] ARO-001-accb7d0f-074f-4dae-8547-99527956ffac | SERIAL: 17 | IDP: DETECTION_FAILED | MISMATCH | IDP result null/empty; Format difference: Serial=int, IDP=str
[2025-11-20 07:09:29.259] ARO-001-e879c13d-7989-4a3e-b42e-78c72a35700a | SERIAL: 6 | IDP: [''] | MISMATCH | IDP result null/empty; Format difference: Serial=int, IDP=list
[2025-11-20 07:10:15.772] ARO-001-6738ae39-a60f-42f4-a9a3-360ffeeccee1 | SERIAL: 2 | IDP: [''] | MISMATCH | IDP result null/empty; Format difference: Serial=int, IDP=list
[2025-11-20 07:10:45.692] ARO-001-bc58ad6d-3fa5-4050-9149-4ac187aed3f8 | SERIAL: 16 | IDP: DETECTION_FAILED | MISMATCH | IDP result null/empty; Format difference: Serial=int, IDP=str
[2025-11-20 07:11:32.702] ARO-001-d3cb9cfd-7cdd-46cf-8c1a-89930f86258c | SERIAL: 16 | IDP: DETECTION_FAILED | MISMATCH | IDP result null/empty; Format difference: Serial=int, IDP=str
[2025-11-20 07:12:44.282] ARO-001-d0ae39be-8adb-4ce0-aac6-c86453336a4e | SERIAL: 8 | IDP: [''] | MISMATCH | IDP result null/empty; Format difference: Serial=int, IDP=list
[2025-11-20 07:13:26.298] ARO-001-b6da88e7-31ae-4249-9927-1b78248bac36 | SERIAL: 30 | IDP: [''] | MISMATCH | IDP result null/empty; Format difference: Serial=int, IDP=list
[2025-11-20 07:13:54.722] ARO-001-66d7ab94-22d9-4f3d-bdc2-a10e560aa559 | SERIAL: 27 | IDP: DETECTION_FAILED | MISMATCH | IDP result null/empty; Format difference: Serial=int, IDP=str
[2025-11-20 07:14:45.715] ARO-001-e5c8ae2e-7b45-4717-9f9b-7dad0bcd4bf3 | SERIAL: 7 | IDP: DETECTION_FAILED | MISMATCH | IDP result null/empty; Format difference: Serial=int, IDP=str
[2025-11-20 07:15:54.298] ARO-001-c61203cf-b0bb-4108-9256-1b705a607eb5 | SERIAL: 2 | IDP: [''] | MISMATCH | IDP result null/empty; Format difference: Serial=int, IDP=list
[2025-11-20 07:16:20.725] ARO-001-1e845b06-76d3-458c-bb91-7f48c32eba43 | SERIAL: 32 | IDP: DETECTION_FAILED | MISMATCH | IDP result null/empty; Format difference: Serial=int, IDP=str
[2025-11-20 07:17:12.743] ARO-001-62835957-d683-4cc0-a3a0-74b9cdda9d7c | SERIAL: 23 | IDP: DETECTION_FAILED | MISMATCH | IDP result null/empty; Format difference: Serial=int, IDP=str
[2025-11-20 07:17:58.248] ARO-001-2a279692-7c5d-4ab5-8acb-57f8a45342ec | SERIAL: 34 | IDP: DETECTION_FAILED | MISMATCH | IDP result null/empty; Format difference: Serial=int, IDP=str
[2025-11-20 07:18:47.241] ARO-001-b0050622-4769-47ef-af59-08afd6f9083e | SERIAL: 32 | IDP: DETECTION_FAILED | MISMATCH | IDP result null/empty; Format difference: Serial=int, IDP=str
[2025-11-20 07:19:37.258] ARO-001-32a2b574-91eb-464a-96d5-874d27b9c14b | SERIAL: 31 | IDP: DETECTION_FAILED | MISMATCH | IDP result null/empty; Format difference: Serial=int, IDP=str
[2025-11-20 07:20:27.259] ARO-001-d5cfb1c4-e708-47dd-9ed5-5bc45fd4f02b | SERIAL: 25 | IDP: DETECTION_FAILED | MISMATCH | IDP result null/empty; Format difference: Serial=int, IDP=str
[2025-11-20 07:21:14.764] ARO-001-23f37f51-ae13-4bf9-88e2-e60fcef6fe4e | SERIAL: 8 | IDP: DETECTION_FAILED | MISMATCH | IDP result null/empty; Format difference: Serial=int, IDP=str
[2025-11-20 07:22:23.346] ARO-001-26d148ea-02ed-4964-aa2c-612236722c6d | SERIAL: 8 | IDP: [''] | MISMATCH | IDP result null/empty; Format difference: Serial=int, IDP=list
[2025-11-20 07:23:09.845] ARO-001-cd30f3c8-c1ae-4347-80d7-582f143c7520 | SERIAL: 34 | IDP: [''] | MISMATCH | IDP result null/empty; Format difference: Serial=int, IDP=list
[2025-11-20 07:23:36.271] ARO-001-04212ebf-83aa-4ecb-a269-685afd4d243d | SERIAL: 22 | IDP: DETECTION_FAILED | MISMATCH | IDP result null/empty; Format difference: Serial=int, IDP=str
[2025-11-20 07:24:43.347] ARO-001-7315411d-609b-4f23-8db4-0307b1c496d7 | SERIAL: 27 | IDP: [''] | MISMATCH | IDP result null/empty; Format difference: Serial=int, IDP=list
[2025-11-20 07:25:34.358] ARO-001-2f60c3e9-55c7-4ffb-82aa-38b3d706e841 | SERIAL: 5 | IDP: [''] | MISMATCH | IDP result null/empty; Format difference: Serial=int, IDP=list
[2025-11-20 07:26:21.862] ARO-001-a858f4a9-b0af-4351-967c-b4d0e35694e9 | SERIAL: 32 | IDP: [''] | MISMATCH | IDP result null/empty; Format difference: Serial=int, IDP=list
[2025-11-20 07:26:55.796] ARO-001-540d1d25-b5f1-4082-a6cc-04a8296eff13 | SERIAL: 7 | IDP: DETECTION_FAILED | MISMATCH | IDP result null/empty; Format difference: Serial=int, IDP=str
[2025-11-20 07:28:00.373] ARO-001-3cc3ada1-e6cf-4dc6-adc2-26b3465fa6de | SERIAL: 26 | IDP: [''] | MISMATCH | IDP result null/empty; Format difference: Serial=int, IDP=list
[2025-11-20 07:28:29.301] ARO-001-33ab2bd3-b020-42e5-925b-170207b9de9b | SERIAL: 22 | IDP: DETECTION_FAILED | MISMATCH | IDP result null/empty; Format difference: Serial=int, IDP=str
[2025-11-20 07:29:15.302] ARO-001-c02cb629-6fd9-46ea-8f6b-cbfab978ee67 | SERIAL: 16 | IDP: DETECTION_FAILED | MISMATCH | IDP result null/empty; Format difference: Serial=int, IDP=str
[2025-11-20 07:30:10.807] ARO-001-9d4792d1-4225-4bab-b38f-7ef2007fee6c | SERIAL: 31 | IDP: DETECTION_FAILED | MISMATCH | IDP result null/empty; Format difference: Serial=int, IDP=str
[2025-11-20 07:31:14.379] ARO-001-23444869-d6a9-4549-bc1b-89e34ef440f6 | SERIAL: 23 | IDP: [''] | MISMATCH | IDP result null/empty; Format difference: Serial=int, IDP=list
[2025-11-20 07:32:02.896] ARO-001-fd138863-7fe0-46fd-bc38-a66632d2be44 | SERIAL: 32 | IDP: [''] | MISMATCH | IDP result null/empty; Format difference: Serial=int, IDP=list
[2025-11-20 07:32:31.817] ARO-001-ef54f072-5f45-45e8-803e-fd7925d72836 | SERIAL: 17 | IDP: DETECTION_FAILED | MISMATCH | IDP result null/empty; Format difference: Serial=int, IDP=str
[2025-11-20 07:33:20.330] ARO-001-642604c3-39bb-4b67-be28-8558a5628808 | SERIAL: 27 | IDP: DETECTION_FAILED | MISMATCH | IDP result null/empty; Format difference: Serial=int, IDP=str
[2025-11-20 07:34:09.323] ARO-001-28f7d991-2e2e-410f-96c8-8f156437e43e | SERIAL: 8 | IDP: DETECTION_FAILED | MISMATCH | IDP result null/empty; Format difference: Serial=int, IDP=str
[2025-11-20 07:34:58.829] ARO-001-143f81c9-781e-4ef1-b742-d0c170373d89 | SERIAL: 23 | IDP: DETECTION_FAILED | MISMATCH | IDP result null/empty; Format difference: Serial=int, IDP=str
[2025-11-20 07:38:11.934] ARO-001-7a64efbb-928e-4258-abba-c6bc8dd3a2a0 | SERIAL: 33 | IDP: [''] | MISMATCH | IDP result null/empty; Format difference: Serial=int, IDP=list
[2025-11-20 07:39:02.436] ARO-001-eff2c443-c842-4e94-a9a3-a203f16e93a6 | SERIAL: 34 | IDP: [''] | MISMATCH | IDP result null/empty; Format difference: Serial=int, IDP=list
[2025-11-20 07:39:48.430] ARO-001-06c7b531-eaec-457a-90f8-6566bd3785b6 | SERIAL: 28 | IDP: [''] | MISMATCH | IDP result null/empty; Format difference: Serial=int, IDP=list
[2025-11-20 07:40:38.434] ARO-001-befaae2e-7173-4192-af34-b880ec4fa3f5 | SERIAL: 22 | IDP: [''] | MISMATCH | IDP result null/empty; Format difference: Serial=int, IDP=list
[2025-11-20 07:41:20.448] ARO-001-f5789f53-32bf-4e4c-953b-02dd4f7cb05a | SERIAL: 10 | IDP: [''] | MISMATCH | IDP result null/empty; Format difference: Serial=int, IDP=list
[2025-11-20 07:42:06.950] ARO-001-d75f1cb9-a59f-4ecd-a226-bb2dc5ea886f | SERIAL: 14 | IDP: [''] | MISMATCH | IDP result null/empty; Format difference: Serial=int, IDP=list
[2025-11-20 07:42:52.949] ARO-001-43d69458-3cf8-4cce-b6c2-f42718719028 | SERIAL: 14 | IDP: [''] | MISMATCH | IDP result null/empty; Format difference: Serial=int, IDP=list
[2025-11-20 07:43:47.461] ARO-001-7d3ef78f-84aa-4024-a563-3fc286afb692 | SERIAL: 15 | IDP: [''] | MISMATCH | IDP result null/empty; Format difference: Serial=int, IDP=list
[2025-11-20 07:44:14.881] ARO-001-72154744-6815-48fc-b572-a866f2c45716 | SERIAL: 23 | IDP: DETECTION_FAILED | MISMATCH | IDP result null/empty; Format difference: Serial=int, IDP=str
[2025-11-20 07:45:26.968] ARO-001-2ea2ae20-98c4-459c-9d76-01464304ceda | SERIAL: 16 | IDP: [''] | MISMATCH | IDP result null/empty; Format difference: Serial=int, IDP=list
[2025-11-20 07:45:54.899] ARO-001-50a70f47-10cf-4429-8f82-a0bf5659acd7 | SERIAL: 7 | IDP: DETECTION_FAILED | MISMATCH | IDP result null/empty; Format difference: Serial=int, IDP=str
[2025-11-20 07:47:01.977] ARO-001-24abcdf1-12c8-4b9b-9c1e-ec56a41cbfdf | SERIAL: 20 | IDP: [''] | MISMATCH | IDP result null/empty; Format difference: Serial=int, IDP=list
[2025-11-20 07:47:30.902] ARO-001-664f3ae1-4d6a-45cf-86fc-443850233f56 | SERIAL: 12 | IDP: DETECTION_FAILED | MISMATCH | IDP result null/empty; Format difference: Serial=int, IDP=str
[2025-11-20 07:48:39.481] ARO-001-30be8767-a529-4377-8f55-3c3ee40a679b | SERIAL: 5 | IDP: [''] | MISMATCH | IDP result null/empty; Format difference: Serial=int, IDP=list
[2025-11-20 07:50:35.929] ARO-001-b45be6f7-39c5-41d3-adaf-b0e3fdf3be59 | SERIAL: 10 | IDP: DETECTION_FAILED | MISMATCH | IDP result null/empty; Format difference: Serial=int, IDP=str
[2025-11-20 07:51:29.434] ARO-001-22492250-61b4-46cc-a728-57c04840747b | SERIAL: 21 | IDP: DETECTION_FAILED | MISMATCH | IDP result null/empty; Format difference: Serial=int, IDP=str
[2025-11-20 07:52:19.435] ARO-001-3d8e0108-c7ef-47ed-8607-b5406448d2d3 | SERIAL: 35 | IDP: DETECTION_FAILED | MISMATCH | IDP result null/empty; Format difference: Serial=int, IDP=str
[2025-11-20 07:53:13.437] ARO-001-ec5ddb66-f04f-48d4-a32e-2411f67cc930 | SERIAL: 15 | IDP: DETECTION_FAILED | MISMATCH | IDP result null/empty; Format difference: Serial=int, IDP=str
[2025-11-20 07:54:21.013] ARO-001-23ed37cd-aabc-48d1-8f7e-05188154c66d | SERIAL: 8 | IDP: [''] | MISMATCH | IDP result null/empty; Format difference: Serial=int, IDP=list
[2025-11-20 07:55:15.025] ARO-001-bfcddc35-dae8-4a39-8109-f2a8afdea150 | SERIAL: 34 | IDP: [''] | MISMATCH | IDP result null/empty; Format difference: Serial=int, IDP=list
[2025-11-20 07:56:07.026] ARO-001-0100677e-6998-4f26-9c20-45e8da95f78f | SERIAL: 28 | IDP: [''] | MISMATCH | IDP result null/empty; Format difference: Serial=int, IDP=list
[2025-11-20 07:56:33.457] ARO-001-4c116cc7-3e82-44ca-a94e-6c8c2014edaf | SERIAL: 14 | IDP: DETECTION_FAILED | MISMATCH | IDP result null/empty; Format difference: Serial=int, IDP=str
[2025-11-20 07:57:39.028] ARO-001-27ed0f95-594b-4bd7-ab3e-c33acbbf5ae4 | SERIAL: 27 | IDP: [''] | MISMATCH | IDP result null/empty; Format difference: Serial=int, IDP=list
[2025-11-20 07:58:31.048] ARO-001-58332f46-061f-4e41-a873-4f3fe7e9e8eb | SERIAL: 6 | IDP: [''] | MISMATCH | IDP result null/empty; Format difference: Serial=int, IDP=list
[2025-11-20 07:58:59.971] ARO-001-46880ba9-9078-450a-a5bf-612a5bd3ac5b | SERIAL: 20 | IDP: DETECTION_FAILED | MISMATCH | IDP result null/empty; Format difference: Serial=int, IDP=str
[2025-11-20 08:00:08.053] ARO-001-0d3c9488-250c-499e-9140-a36d4bbbae31 | SERIAL: 10 | IDP: [''] | MISMATCH | IDP result null/empty; Format difference: Serial=int, IDP=list
[2025-11-20 08:00:54.059] ARO-001-60c99d6d-d4ad-4232-b67d-ef4d65ac1198 | SERIAL: 3 | IDP: [''] | MISMATCH | IDP result null/empty; Format difference: Serial=int, IDP=list
[2025-11-20 08:01:49.559] ARO-001-e2b3b0dd-c71c-44ee-8590-e94224c20854 | SERIAL: 26 | IDP: [''] | MISMATCH | IDP result null/empty; Format difference: Serial=int, IDP=list
[2025-11-20 08:02:40.056] ARO-001-8000b0ab-0d04-4ee4-a66a-b85538d502da | SERIAL: 5 | IDP: [''] | MISMATCH | IDP result null/empty; Format difference: Serial=int, IDP=list
[2025-11-20 08:03:24.573] ARO-001-09d050f6-4f54-488f-82ec-3b4bb50b5756 | SERIAL: 4 | IDP: [''] | MISMATCH | IDP result null/empty; Format difference: Serial=int, IDP=list
[2025-11-20 08:04:12.573] ARO-001-75308e85-f6ae-4563-bfaa-8a731360b67a | SERIAL: 1 | IDP: [''] | MISMATCH | IDP result null/empty; Format difference: Serial=int, IDP=list
[2025-11-20 08:05:02.576] ARO-001-940411de-d911-4544-ac1d-503da2d54200 | SERIAL: 29 | IDP: [''] | MISMATCH | IDP result null/empty; Format difference: Serial=int, IDP=list
[2025-11-20 08:05:50.576] ARO-001-f818fed0-d03f-4e71-bd78-ca4dddaf101b | SERIAL: 3 | IDP: [''] | MISMATCH | IDP result null/empty; Format difference: Serial=int, IDP=list
[2025-11-20 08:06:36.594] ARO-001-01b9487a-25eb-46cb-bb0e-eb15fa3ce66c | SERIAL: 15 | IDP: [''] | MISMATCH | IDP result null/empty; Format difference: Serial=int, IDP=list
[2025-11-20 08:07:24.592] ARO-001-2df6d296-04cb-4de2-844c-524030684329 | SERIAL: 9 | IDP: [''] | MISMATCH | IDP result null/empty; Format difference: Serial=int, IDP=list
[2025-11-20 08:07:59.021] ARO-001-9bd10383-9d7b-4f63-84a3-e4326e8682ab | SERIAL: 12 | IDP: DETECTION_FAILED | MISMATCH | IDP result null/empty; Format difference: Serial=int, IDP=str
[2025-11-20 08:09:07.110] ARO-001-d1a702e5-b0e9-4262-b9a6-6fe63b0c78c3 | SERIAL: 27 | IDP: [''] | MISMATCH | IDP result null/empty; Format difference: Serial=int, IDP=list
[2025-11-20 08:09:55.607] ARO-001-0a352981-bdd2-48de-ba5b-7690ea3387a2 | SERIAL: 30 | IDP: [''] | MISMATCH | IDP result null/empty; Format difference: Serial=int, IDP=list
[2025-11-20 08:10:43.109] ARO-001-3e979640-7e02-4da6-9a5c-06011843e213 | SERIAL: 7 | IDP: [''] | MISMATCH | IDP result null/empty; Format difference: Serial=int, IDP=list
[2025-11-20 08:11:35.111] ARO-001-673c2015-6969-46b6-9802-0850cc2623bc | SERIAL: 6 | IDP: [''] | MISMATCH | IDP result null/empty; Format difference: Serial=int, IDP=list
[2025-11-20 08:12:00.051] ARO-001-58b506aa-b6ac-468e-9495-57a74ae2140c | SERIAL: 17 | IDP: DETECTION_FAILED | MISMATCH | IDP result null/empty; Format difference: Serial=int, IDP=str
[2025-11-20 08:12:48.548] ARO-001-1b53708e-22de-4441-a00f-011f0d7a5677 | SERIAL: 20 | IDP: DETECTION_FAILED | MISMATCH | IDP result null/empty; Format difference: Serial=int, IDP=str
[2025-11-20 08:13:34.548] ARO-001-a791714e-8544-4785-8815-1c8ec2ecb176 | SERIAL: 8 | IDP: DETECTION_FAILED | MISMATCH | IDP result null/empty; Format difference: Serial=int, IDP=str
[2025-11-20 08:14:27.557] ARO-001-73fcabbb-f82c-4ada-9e7b-0186bd3a42e3 | SERIAL: 33 | IDP: DETECTION_FAILED | MISMATCH | IDP result null/empty; Format difference: Serial=int, IDP=str
[2025-11-20 08:15:32.148] ARO-001-5b31b52e-c0f9-4655-a6df-bc7c1a588f6c | SERIAL: 20 | IDP: [''] | MISMATCH | IDP result null/empty; Format difference: Serial=int, IDP=list
[2025-11-20 08:16:24.638] ARO-001-c611d2f3-42cc-4053-8216-3ee9616d1f3f | SERIAL: 23 | IDP: [''] | MISMATCH | IDP result null/empty; Format difference: Serial=int, IDP=list
[2025-11-20 08:16:53.064] ARO-001-7da6a2ca-dd16-4dcd-a61d-5c790a3afb24 | SERIAL: 19 | IDP: DETECTION_FAILED | MISMATCH | IDP result null/empty; Format difference: Serial=int, IDP=str
[2025-11-20 08:17:39.578] ARO-001-ecaa76cc-588e-4809-a569-d3cb5a33d98c | SERIAL: 29 | IDP: DETECTION_FAILED | MISMATCH | IDP result null/empty; Format difference: Serial=int, IDP=str
[2025-11-20 08:18:27.082] ARO-001-110c31db-39c5-4d83-8646-7100903d0643 | SERIAL: 30 | IDP: DETECTION_FAILED | MISMATCH | IDP result null/empty; Format difference: Serial=int, IDP=str
[2025-11-20 08:19:14.588] ARO-001-d5ff0853-e60f-4f49-a2f8-1b73e663247f | SERIAL: 25 | IDP: DETECTION_FAILED | MISMATCH | IDP result null/empty; Format difference: Serial=int, IDP=str
[2025-11-20 08:20:22.656] ARO-001-ff033dcb-ad75-4d03-94e1-ea7d2bea4ee8 | SERIAL: 16 | IDP: [''] | MISMATCH | IDP result null/empty; Format difference: Serial=int, IDP=list
[2025-11-20 08:20:54.094] ARO-001-dd10eddf-d481-42d8-a4e5-cdfbedaddeee | SERIAL: 5 | IDP: DETECTION_FAILED | MISMATCH | IDP result null/empty; Format difference: Serial=int, IDP=str
[2025-11-20 08:21:42.591] ARO-001-5ac1614a-3843-4ed8-ac53-87e7e6f27617 | SERIAL: 20 | IDP: DETECTION_FAILED | MISMATCH | IDP result null/empty; Format difference: Serial=int, IDP=str
[2025-11-20 08:22:49.176] ARO-001-30548ec0-4fcf-4b23-8d59-926d203b9666 | SERIAL: 18 | IDP: [''] | MISMATCH | IDP result null/empty; Format difference: Serial=int, IDP=list
[2025-11-20 08:23:15.105] ARO-001-8de630ee-c529-49e0-ae5a-c3bf96c3b8bd | SERIAL: 35 | IDP: DETECTION_FAILED | MISMATCH | IDP result null/empty; Format difference: Serial=int, IDP=str
[2025-11-20 08:24:02.114] ARO-001-85f416c5-1e10-4df2-bf16-0b22edb63bb2 | SERIAL: 18 | IDP: DETECTION_FAILED | MISMATCH | IDP result null/empty; Format difference: Serial=int, IDP=str
[2025-11-20 08:25:06.181] ARO-001-496671b7-866c-4541-a2e0-b2eea87b35c9 | SERIAL: 0 | IDP: [''] | MISMATCH | IDP result null/empty; Format difference: Serial=int, IDP=list
[2025-11-20 08:25:53.692] ARO-001-c76feda5-96e7-4385-ad27-b12455949db3 | SERIAL: 26 | IDP: [''] | MISMATCH | IDP result null/empty; Format difference: Serial=int, IDP=list
[2025-11-20 08:26:24.629] ARO-001-8e2b3358-fafb-4516-ac4d-8325275f0fd1 | SERIAL: 36 | IDP: DETECTION_FAILED | MISMATCH | IDP result null/empty; Format difference: Serial=int, IDP=str
[2025-11-20 08:27:32.202] ARO-001-71309bc3-94ce-453c-8898-bb291212f47d | SERIAL: 29 | IDP: [''] | MISMATCH | IDP result null/empty; Format difference: Serial=int, IDP=list
[2025-11-20 08:28:18.713] ARO-001-5ab4085e-1e44-4180-88d8-441a1c0830bb | SERIAL: 3 | IDP: [''] | MISMATCH | IDP result null/empty; Format difference: Serial=int, IDP=list
[2025-11-20 08:29:08.714] ARO-001-41a80dea-7dfb-4c6e-9f32-51a0a7e047c5 | SERIAL: 35 | IDP: [''] | MISMATCH | IDP result null/empty; Format difference: Serial=int, IDP=list
[2025-11-20 08:29:58.216] ARO-001-db75413b-add0-40bc-b0fa-fe8216f1f085 | SERIAL: 29 | IDP: [''] | MISMATCH | IDP result null/empty; Format difference: Serial=int, IDP=list
[2025-11-20 08:30:46.715] ARO-001-ed89f664-8d5c-4da2-8fec-bd8cb3154ff5 | SERIAL: 24 | IDP: [''] | MISMATCH | IDP result null/empty; Format difference: Serial=int, IDP=list
[2025-11-20 08:31:13.658] ARO-001-8f04dd6f-a5cb-4da1-ac13-afe036062854 | SERIAL: 22 | IDP: DETECTION_FAILED | MISMATCH | IDP result null/empty; Format difference: Serial=int, IDP=str
[2025-11-20 08:32:20.738] ARO-001-a7b5beca-7fb6-4cd9-8005-ba44d88654c7 | SERIAL: 9 | IDP: [''] | MISMATCH | IDP result null/empty; Format difference: Serial=int, IDP=list
[2025-11-20 08:32:44.156] ARO-001-eb42fae1-004b-45d3-b7af-7670df143099 | SERIAL: 9 | IDP: DETECTION_FAILED | MISMATCH | IDP result null/empty; Format difference: Serial=int, IDP=str
[2025-11-20 08:33:33.166] ARO-001-481c7995-8643-4423-94c4-7c0eb974e53d | SERIAL: 6 | IDP: DETECTION_FAILED | MISMATCH | IDP result null/empty; Format difference: Serial=int, IDP=str
[2025-11-20 08:34:39.257] ARO-001-be59bad7-92bd-4f53-ba8b-23e7bd8552b1 | SERIAL: 9 | IDP: [''] | MISMATCH | IDP result null/empty; Format difference: Serial=int, IDP=list
[2025-11-20 08:35:25.746] ARO-001-562865be-1cc2-4dfb-a223-244430924981 | SERIAL: 5 | IDP: [''] | MISMATCH | IDP result null/empty; Format difference: Serial=int, IDP=list
[2025-11-20 08:35:51.185] ARO-001-35437795-81ba-4cfe-8fdf-4b919726264c | SERIAL: 5 | IDP: DETECTION_FAILED | MISMATCH | IDP result null/empty; Format difference: Serial=int, IDP=str
[2025-11-20 08:37:00.266] ARO-001-5fe471cd-5e14-4d4e-a891-80c1a9ae802b | SERIAL: 12 | IDP: [''] | MISMATCH | IDP result null/empty; Format difference: Serial=int, IDP=list
[2025-11-20 08:37:28.691] ARO-001-12db02dd-fe12-4d5c-92a8-3fffe19b2236 | SERIAL: 28 | IDP: DETECTION_FAILED | MISMATCH | IDP result null/empty; Format difference: Serial=int, IDP=str
[2025-11-20 08:38:35.764] ARO-001-0ba2cc6c-b0c6-417b-843d-211ce4abd73c | SERIAL: 31 | IDP: [''] | MISMATCH | IDP result null/empty; Format difference: Serial=int, IDP=list
[2025-11-20 08:39:02.692] ARO-001-f4aa3bc2-fd85-4e46-bfec-fc93a3e4c0f7 | SERIAL: 16 | IDP: DETECTION_FAILED | MISMATCH | IDP result null/empty; Format difference: Serial=int, IDP=str
[2025-11-20 08:39:50.693] ARO-001-a947d313-4070-4005-b508-23389df989be | SERIAL: 8 | IDP: DETECTION_FAILED | MISMATCH | IDP result null/empty; Format difference: Serial=int, IDP=str
[2025-11-20 08:40:52.784] ARO-001-ff9c2d22-4595-4424-bc81-bef8e083548e | SERIAL: 36 | IDP: [''] | MISMATCH | IDP result null/empty; Format difference: Serial=int, IDP=list
[2025-11-20 08:41:40.292] ARO-001-963aa1a8-b7ba-4823-a2ae-12cb8719264e | SERIAL: 33 | IDP: [''] | MISMATCH | IDP result null/empty; Format difference: Serial=int, IDP=list
[2025-11-20 08:42:05.720] ARO-001-63ed1985-5103-4ef8-88f5-680823d264e5 | SERIAL: 25 | IDP: DETECTION_FAILED | MISMATCH | IDP result null/empty; Format difference: Serial=int, IDP=str
[2025-11-20 08:42:57.721] ARO-001-accdee46-27a6-4515-ba6e-bc0c196f454c | SERIAL: 26 | IDP: DETECTION_FAILED | MISMATCH | IDP result null/empty; Format difference: Serial=int, IDP=str
[2025-11-20 08:43:50.217] ARO-001-c610dc45-35f8-4304-bbc6-19da43c23b7a | SERIAL: 12 | IDP: DETECTION_FAILED | MISMATCH | IDP result null/empty; Format difference: Serial=int, IDP=str
[2025-11-20 08:44:39.227] ARO-001-65740477-c983-4098-ac18-dc95de940548 | SERIAL: 0 | IDP: DETECTION_FAILED | MISMATCH | IDP result null/empty; Format difference: Serial=int, IDP=str
[2025-11-20 08:45:47.311] ARO-001-d1e81009-e09e-4150-be13-cd0b4754f51d | SERIAL: 33 | IDP: [''] | MISMATCH | IDP result null/empty; Format difference: Serial=int, IDP=list
[2025-11-20 08:46:41.813] ARO-001-cc703c07-6d30-47aa-9df2-510f2de17a70 | SERIAL: 31 | IDP: [''] | MISMATCH | IDP result null/empty; Format difference: Serial=int, IDP=list
[2025-11-20 08:47:07.741] ARO-001-38ee05c2-69a1-42d3-8ded-2c0c2d511b9f | SERIAL: 10 | IDP: DETECTION_FAILED | MISMATCH | IDP result null/empty; Format difference: Serial=int, IDP=str
[2025-11-20 08:48:17.810] ARO-001-d9557809-c79e-472c-ab1e-4699271a310c | SERIAL: 22 | IDP: [''] | MISMATCH | IDP result null/empty; Format difference: Serial=int, IDP=list
[2025-11-20 08:49:03.827] ARO-001-8a1e9cfa-e0a6-41d8-94b1-3665b236f134 | SERIAL: 25 | IDP: [''] | MISMATCH | IDP result null/empty; Format difference: Serial=int, IDP=list
[2025-11-20 08:49:57.839] ARO-001-2ff8ad1d-5faf-4767-82e1-a6345f5fcab2 | SERIAL: 12 | IDP: [''] | MISMATCH | IDP result null/empty; Format difference: Serial=int, IDP=list
[2025-11-20 08:50:43.823] ARO-001-5e5009aa-dac3-41ad-bb2b-2125bd45ff2c | SERIAL: 12 | IDP: [''] | MISMATCH | IDP result null/empty; Format difference: Serial=int, IDP=list
[2025-11-20 08:51:14.257] ARO-001-ceafaf05-3921-412d-baf2-558f259c290e | SERIAL: 15 | IDP: DETECTION_FAILED | MISMATCH | IDP result null/empty; Format difference: Serial=int, IDP=str
[2025-11-20 08:52:20.843] ARO-001-114a1f88-cbed-42ee-99db-5422a48dab9b | SERIAL: 21 | IDP: [''] | MISMATCH | IDP result null/empty; Format difference: Serial=int, IDP=list
[2025-11-20 08:53:12.347] ARO-001-bb327dc9-bd6e-427b-8277-04c1aa449c7c | SERIAL: 16 | IDP: [''] | MISMATCH | IDP result null/empty; Format difference: Serial=int, IDP=list
[2025-11-20 08:53:47.780] ARO-001-2387713f-f3ba-4a65-a357-1169146235ff | SERIAL: 29 | IDP: DETECTION_FAILED | MISMATCH | IDP result null/empty; Format difference: Serial=int, IDP=str
[2025-11-20 08:54:56.357] ARO-001-884f885b-57eb-40af-83ba-cc838488ed2b | SERIAL: 24 | IDP: [''] | MISMATCH | IDP result null/empty; Format difference: Serial=int, IDP=list
[2025-11-20 08:55:45.354] ARO-001-557b92f8-ee99-48ac-b6b7-6742c7078077 | SERIAL: 0 | IDP: [''] | MISMATCH | IDP result null/empty; Format difference: Serial=int, IDP=list
[2025-11-20 08:56:32.857] ARO-001-af5c1b54-140b-4393-a4b2-82181c85161f | SERIAL: 0 | IDP: [''] | MISMATCH | IDP result null/empty; Format difference: Serial=int, IDP=list
[2025-11-20 08:57:03.287] ARO-001-6bd6efb0-edea-4b13-a901-90c12ed33c6f | SERIAL: 5 | IDP: DETECTION_FAILED | MISMATCH | IDP result null/empty; Format difference: Serial=int, IDP=str
[2025-11-20 08:58:11.868] ARO-001-c63e764d-01bb-4e0d-9202-6c0906a01043 | SERIAL: 34 | IDP: [''] | MISMATCH | IDP result null/empty; Format difference: Serial=int, IDP=list
[2025-11-20 08:58:41.304] ARO-001-76264e61-6d32-4eaf-bdd8-7d71ca6f6709 | SERIAL: 25 | IDP: DETECTION_FAILED | MISMATCH | IDP result null/empty; Format difference: Serial=int, IDP=str
[2025-11-20 08:59:49.379] ARO-001-0a0fdba3-3e85-48a8-b800-368cfeb392a2 | SERIAL: 17 | IDP: [''] | MISMATCH | IDP result null/empty; Format difference: Serial=int, IDP=list
[2025-11-20 09:00:37.883] ARO-001-0eb5bca9-f4f5-44bc-bdb6-e2d6a90ba6df | SERIAL: 25 | IDP: [''] | MISMATCH | IDP result null/empty; Format difference: Serial=int, IDP=list
[2025-11-20 09:01:08.315] ARO-001-7984f277-46fc-46ec-9fe2-f637a6ec3344 | SERIAL: 0 | IDP: DETECTION_FAILED | MISMATCH | IDP result null/empty; Format difference: Serial=int, IDP=str
[2025-11-20 09:01:58.811] ARO-001-5f2a21c2-68bc-4863-8506-a7687380fc24 | SERIAL: 31 | IDP: DETECTION_FAILED | MISMATCH | IDP result null/empty; Format difference: Serial=int, IDP=str
[2025-11-20 09:02:47.821] ARO-001-3ec98fc0-8596-43fc-9498-f30ca3f2ef41 | SERIAL: 25 | IDP: DETECTION_FAILED | MISMATCH | IDP result null/empty; Format difference: Serial=int, IDP=str
[2025-11-20 09:03:38.334] ARO-001-256f1366-4d0e-42cb-ab9d-e4848aeeac1c | SERIAL: 9 | IDP: DETECTION_FAILED | MISMATCH | IDP result null/empty; Format difference: Serial=int, IDP=str
[2025-11-20 09:04:27.326] ARO-001-690a88ba-e512-428b-9db9-ab8253412a8e | SERIAL: 21 | IDP: DETECTION_FAILED | MISMATCH | IDP result null/empty; Format difference: Serial=int, IDP=str
[2025-11-20 09:05:34.916] ARO-001-fa579f4f-a891-4551-95f9-b9baf17f75f6 | SERIAL: 4 | IDP: [''] | MISMATCH | IDP result null/empty; Format difference: Serial=int, IDP=list
[2025-11-20 09:06:06.847] ARO-001-08f77777-9efe-4341-ab95-70c9940a3629 | SERIAL: 23 | IDP: DETECTION_FAILED | MISMATCH | IDP result null/empty; Format difference: Serial=int, IDP=str
[2025-11-20 09:07:10.424] ARO-001-dd8e6b59-1360-4acb-93c0-f1db0f376aa4 | SERIAL: 19 | IDP: [''] | MISMATCH | IDP result null/empty; Format difference: Serial=int, IDP=list
[2025-11-20 09:07:45.345] ARO-001-3ec4b734-714e-48b5-b8e9-8f00ef00a257 | SERIAL: 3 | IDP: DETECTION_FAILED | MISMATCH | IDP result null/empty; Format difference: Serial=int, IDP=str
[2025-11-20 09:08:52.933] ARO-001-092f3234-ebfd-46c1-a594-8f1ded4ea949 | SERIAL: 13 | IDP: [''] | MISMATCH | IDP result null/empty; Format difference: Serial=int, IDP=list
[2025-11-20 09:09:18.852] ARO-001-08470678-cdb3-4218-a9a1-d7141f74734f | SERIAL: 33 | IDP: DETECTION_FAILED | MISMATCH | IDP result null/empty; Format difference: Serial=int, IDP=str
[2025-11-20 09:10:03.860] ARO-001-412ab0a0-1610-4f4a-8616-a4a6a5ed38e3 | SERIAL: 17 | IDP: DETECTION_FAILED | MISMATCH | IDP result null/empty; Format difference: Serial=int, IDP=str
[2025-11-20 09:11:11.948] ARO-001-bc4fed89-d40f-465b-98dd-ef504c88208d | SERIAL: 2 | IDP: [''] | MISMATCH | IDP result null/empty; Format difference: Serial=int, IDP=list
[2025-11-20 09:12:01.946] ARO-001-5a733121-cb4b-4386-a5ac-d3ddcffbccf4 | SERIAL: 31 | IDP: [''] | MISMATCH | IDP result null/empty; Format difference: Serial=int, IDP=list
[2025-11-20 09:13:01.944] ARO-001-51f70f01-fe72-4a2a-bf88-17e801f75042 | SERIAL: 13 | IDP: [''] | MISMATCH | IDP result null/empty; Format difference: Serial=int, IDP=list
[2025-11-20 09:13:45.945] ARO-001-5efd93d4-849a-404c-aea4-a71a95273920 | SERIAL: 30 | IDP: [''] | MISMATCH | IDP result null/empty; Format difference: Serial=int, IDP=list
[2025-11-20 09:14:33.970] ARO-001-4dbe21ff-dee2-4ffc-9738-815ce3798aa2 | SERIAL: 10 | IDP: [''] | MISMATCH | IDP result null/empty; Format difference: Serial=int, IDP=list
[2025-11-20 09:14:59.385] ARO-001-16e8dca2-6090-43a9-831b-92b09a69da2a | SERIAL: 34 | IDP: DETECTION_FAILED | MISMATCH | IDP result null/empty; Format difference: Serial=int, IDP=str
[2025-11-20 09:15:51.899] ARO-001-53d93384-5c57-4fec-a50f-57c912368f24 | SERIAL: 32 | IDP: DETECTION_FAILED | MISMATCH | IDP result null/empty; Format difference: Serial=int, IDP=str
[2025-11-20 09:16:58.979] ARO-001-a831623a-fc46-4a09-8ad1-ad1fa1f9e689 | SERIAL: 33 | IDP: [''] | MISMATCH | IDP result null/empty; Format difference: Serial=int, IDP=list
[2025-11-20 09:17:44.976] ARO-001-a0df635b-6f21-4476-8716-3ea60fbd44ec | SERIAL: 33 | IDP: [''] | MISMATCH | IDP result null/empty; Format difference: Serial=int, IDP=list
[2025-11-20 09:18:32.483] ARO-001-50d7cb76-b483-43f5-8869-fe9d42263e07 | SERIAL: 21 | IDP: [''] | MISMATCH | IDP result null/empty; Format difference: Serial=int, IDP=list
[2025-11-20 09:19:20.981] ARO-001-f67bb9a0-25c1-422e-955a-6070cbf06de5 | SERIAL: 28 | IDP: [''] | MISMATCH | IDP result null/empty; Format difference: Serial=int, IDP=list
[2025-11-20 09:19:45.423] ARO-001-b065d58b-da0a-4523-b1fb-460ebbc8d5d3 | SERIAL: 8 | IDP: DETECTION_FAILED | MISMATCH | IDP result null/empty; Format difference: Serial=int, IDP=str
[2025-11-20 09:20:33.920] ARO-001-d9b9f08d-056b-4136-8454-23956b906a88 | SERIAL: 21 | IDP: DETECTION_FAILED | MISMATCH | IDP result null/empty; Format difference: Serial=int, IDP=str
[2025-11-20 09:21:18.928] ARO-001-d18b7859-fa6a-4f05-9ed9-b6f632d76672 | SERIAL: 14 | IDP: DETECTION_FAILED | MISMATCH | IDP result null/empty; Format difference: Serial=int, IDP=str
[2025-11-20 09:22:08.433] ARO-001-222059d0-ed90-4424-8836-c52cd461bdff | SERIAL: 18 | IDP: DETECTION_FAILED | MISMATCH | IDP result null/empty; Format difference: Serial=int, IDP=str
[2025-11-20 09:23:11.512] ARO-001-889a0f8d-203b-404c-9133-4a87e30be140 | SERIAL: 32 | IDP: [''] | MISMATCH | IDP result null/empty; Format difference: Serial=int, IDP=list
[2025-11-20 09:23:40.436] ARO-001-3b49f104-50f9-41a2-a1eb-31b26c786253 | SERIAL: 6 | IDP: DETECTION_FAILED | MISMATCH | IDP result null/empty; Format difference: Serial=int, IDP=str
[2025-11-20 09:24:46.008] ARO-001-c0c0198d-fec7-42aa-9c76-3e427798ad3c | SERIAL: 33 | IDP: [''] | MISMATCH | IDP result null/empty; Format difference: Serial=int, IDP=list
[2025-11-20 09:25:15.446] ARO-001-ba3a6754-20a5-4efd-a860-70eaaaf58f78 | SERIAL: 28 | IDP: DETECTION_FAILED | MISMATCH | IDP result null/empty; Format difference: Serial=int, IDP=str
[2025-11-20 09:27:22.954] ARO-001-2a8382bf-470d-4676-b31a-7055b9b2bbb4 | SERIAL: 23 | IDP: DETECTION_FAILED | MISMATCH | IDP result null/empty; Format difference: Serial=int, IDP=str
[2025-11-20 09:28:30.548] ARO-001-7ce13664-3ccc-4995-b2c3-3054086dfb39 | SERIAL: 34 | IDP: [''] | MISMATCH | IDP result null/empty; Format difference: Serial=int, IDP=list
[2025-11-20 09:29:17.039] ARO-001-18c83149-255a-49f0-b6ae-17abecd47c53 | SERIAL: 26 | IDP: [''] | MISMATCH | IDP result null/empty; Format difference: Serial=int, IDP=list
[2025-11-20 09:29:44.478] ARO-001-da778a82-72f9-4194-8f3d-4dfdd59833a5 | SERIAL: 16 | IDP: DETECTION_FAILED | MISMATCH | IDP result null/empty; Format difference: Serial=int, IDP=str
[2025-11-20 09:30:32.974] ARO-001-6e1735d1-1c36-4a84-8d37-c2571da28111 | SERIAL: 14 | IDP: DETECTION_FAILED | MISMATCH | IDP result null/empty; Format difference: Serial=int, IDP=str
[2025-11-20 09:31:41.069] ARO-001-26320378-9eac-4936-8ba0-50918b342751 | SERIAL: 9 | IDP: [''] | MISMATCH | IDP result null/empty; Format difference: Serial=int, IDP=list
[2025-11-20 09:32:25.559] ARO-001-66b29747-4f7c-40c4-aefd-564426741c91 | SERIAL: 6 | IDP: [''] | MISMATCH | IDP result null/empty; Format difference: Serial=int, IDP=list
[2025-11-20 09:34:49.578] ARO-001-464c4ec9-92ef-4d2a-bfdd-7b4bc2b77a81 | SERIAL: 14 | IDP: [''] | MISMATCH | IDP result null/empty; Format difference: Serial=int, IDP=list
[2025-11-20 09:35:33.577] ARO-001-4e59f391-1e19-4a26-8dde-d837643ee607 | SERIAL: 8 | IDP: [''] | MISMATCH | IDP result null/empty; Format difference: Serial=int, IDP=list
[2025-11-20 09:36:01.510] ARO-001-86bc983b-df8d-40cb-93e4-a6b1dcd96cd3 | SERIAL: 25 | IDP: DETECTION_FAILED | MISMATCH | IDP result null/empty; Format difference: Serial=int, IDP=str
[2025-11-20 09:36:49.016] ARO-001-b7be3f57-e2b9-4eb3-95e5-1a79f08ac0f5 | SERIAL: 2 | IDP: DETECTION_FAILED | MISMATCH | IDP result null/empty; Format difference: Serial=int, IDP=str
[2025-11-20 09:37:54.095] ARO-001-ef238127-6d53-4bbc-bd99-05956e4b6675 | SERIAL: 12 | IDP: [''] | MISMATCH | IDP result null/empty; Format difference: Serial=int, IDP=list
[2025-11-20 09:38:40.603] ARO-001-c6322751-7ac8-4d0b-b9bd-202fd4cd09d0 | SERIAL: 35 | IDP: [''] | MISMATCH | IDP result null/empty; Format difference: Serial=int, IDP=list
[2025-11-20 09:39:26.609] ARO-001-fa1dced5-2508-4057-92a3-17d554fafbaf | SERIAL: 13 | IDP: [''] | MISMATCH | IDP result null/empty; Format difference: Serial=int, IDP=list
[2025-11-20 09:40:12.605] ARO-001-992b5dd4-f282-481c-928c-94c05c7933c0 | SERIAL: 15 | IDP: [''] | MISMATCH | IDP result null/empty; Format difference: Serial=int, IDP=list
[2025-11-20 09:41:11.103] ARO-001-1e47370b-8f17-457b-a279-4e8816c39486 | SERIAL: 5 | IDP: [''] | MISMATCH | IDP result null/empty; Format difference: Serial=int, IDP=list
[2025-11-20 09:41:52.606] ARO-001-ef6c0854-f7de-4b47-87b1-2d68a8be0f56 | SERIAL: 17 | IDP: [''] | MISMATCH | IDP result null/empty; Format difference: Serial=int, IDP=list
[2025-11-20 09:42:44.626] ARO-001-34ae0365-4742-4ee1-ac43-8c1df5c391fb | SERIAL: 5 | IDP: [''] | MISMATCH | IDP result null/empty; Format difference: Serial=int, IDP=list
[2025-11-20 09:43:16.048] ARO-001-19ccfe89-b029-4896-a04e-4a300023d668 | SERIAL: 18 | IDP: DETECTION_FAILED | MISMATCH | IDP result null/empty; Format difference: Serial=int, IDP=str
[2025-11-20 09:44:04.560] ARO-001-2b6ba193-3146-43cb-bfec-0d6edd5fa036 | SERIAL: 2 | IDP: DETECTION_FAILED | MISMATCH | IDP result null/empty; Format difference: Serial=int, IDP=str
[2025-11-20 09:45:13.143] ARO-001-367af240-b373-4a72-8a4c-1e39d492c2d9 | SERIAL: 11 | IDP: [''] | MISMATCH | IDP result null/empty; Format difference: Serial=int, IDP=list
[2025-11-20 09:46:05.142] ARO-001-ea40bc7d-ff33-4d45-ae97-9904ea51898d | SERIAL: 18 | IDP: [''] | MISMATCH | IDP result null/empty; Format difference: Serial=int, IDP=list
[2025-11-20 09:46:30.564] ARO-001-62ae3e5a-7053-4f68-882c-d38a573d5260 | SERIAL: 16 | IDP: DETECTION_FAILED | MISMATCH | IDP result null/empty; Format difference: Serial=int, IDP=str
[2025-11-20 09:47:56.166] ARO-001-04b02e60-2ac3-4519-8c87-1424ea50bbc3 | SERIAL: 12 | IDP: [''] | MISMATCH | IDP result null/empty; Format difference: Serial=int, IDP=list
[2025-11-20 09:48:23.078] ARO-001-3ef0aa83-7439-4e5d-b9cb-10258ed9f438 | SERIAL: 29 | IDP: DETECTION_FAILED | MISMATCH | IDP result null/empty; Format difference: Serial=int, IDP=str
[2025-11-20 09:49:11.592] ARO-001-d96ca07b-ca64-4b0b-a3fd-4582f72225a0 | SERIAL: 22 | IDP: DETECTION_FAILED | MISMATCH | IDP result null/empty; Format difference: Serial=int, IDP=str
[2025-11-20 09:50:01.592] ARO-001-18e651a1-fa8b-4586-ba68-fabe15f53467 | SERIAL: 13 | IDP: DETECTION_FAILED | MISMATCH | IDP result null/empty; Format difference: Serial=int, IDP=str
[2025-11-20 09:50:48.601] ARO-001-ad6de48a-0e94-46dc-ab25-c9f6277539fb | SERIAL: 0 | IDP: DETECTION_FAILED | MISMATCH | IDP result null/empty; Format difference: Serial=int, IDP=str
[2025-11-20 09:51:56.675] ARO-001-0777b70d-0f76-4ffc-bc19-7c3e87f1e835 | SERIAL: 28 | IDP: [''] | MISMATCH | IDP result null/empty; Format difference: Serial=int, IDP=list
[2025-11-20 09:52:40.175] ARO-001-5b8b3e46-5934-45fc-a5b9-af01ddfebdfb | SERIAL: 26 | IDP: [''] | MISMATCH | IDP result null/empty; Format difference: Serial=int, IDP=list
[2025-11-20 09:53:09.613] ARO-001-11d76a20-cc20-47ec-8d29-c4b1b342c673 | SERIAL: 22 | IDP: DETECTION_FAILED | MISMATCH | IDP result null/empty; Format difference: Serial=int, IDP=str
[2025-11-20 09:54:11.183] ARO-001-1b4d1a5e-b5b8-41c6-86ab-7f1e8a2ec64f | SERIAL: 27 | IDP: [''] | MISMATCH | IDP result null/empty; Format difference: Serial=int, IDP=list
[2025-11-20 09:54:41.118] ARO-001-7025ff2b-409b-4b19-832d-c3652bb65cbc | SERIAL: 3 | IDP: DETECTION_FAILED | MISMATCH | IDP result null/empty; Format difference: Serial=int, IDP=str
[2025-11-20 09:55:28.623] ARO-001-39ab2be2-7464-42f3-b452-f0dcd84ce760 | SERIAL: 36 | IDP: DETECTION_FAILED | MISMATCH | IDP result null/empty; Format difference: Serial=int, IDP=str
[2025-11-20 09:56:39.208] ARO-001-cc513a69-0889-4632-9143-03eace6d566b | SERIAL: 13 | IDP: [''] | MISMATCH | IDP result null/empty; Format difference: Serial=int, IDP=list
[2025-11-20 09:57:27.704] ARO-001-dfc3742f-81f7-4bfa-9c8a-74ea9c7ccbfa | SERIAL: 14 | IDP: [''] | MISMATCH | IDP result null/empty; Format difference: Serial=int, IDP=list
[2025-11-20 09:58:21.205] ARO-001-51730f51-07d8-4ac6-95cd-5da4a39c397a | SERIAL: 25 | IDP: [''] | MISMATCH | IDP result null/empty; Format difference: Serial=int, IDP=list
[2025-11-20 09:59:09.211] ARO-001-29b9d42a-55eb-4b4f-b6d0-0b66fa9ebe7e | SERIAL: 5 | IDP: [''] | MISMATCH | IDP result null/empty; Format difference: Serial=int, IDP=list
[2025-11-20 09:59:38.643] ARO-001-6c162811-4b88-4657-a742-a7ed8177b122 | SERIAL: 12 | IDP: DETECTION_FAILED | MISMATCH | IDP result null/empty; Format difference: Serial=int, IDP=str
[2025-11-20 10:00:25.653] ARO-001-2a908781-dd77-4821-adc7-b6370d64da83 | SERIAL: 28 | IDP: DETECTION_FAILED | MISMATCH | IDP result null/empty; Format difference: Serial=int, IDP=str
[2025-11-20 10:01:14.149] ARO-001-75487af8-949f-4c65-b226-c4bcdc660f82 | SERIAL: 22 | IDP: DETECTION_FAILED | MISMATCH | IDP result null/empty; Format difference: Serial=int, IDP=str
[2025-11-20 10:02:17.725] ARO-001-3f91a3d2-17ed-4f6f-bdd5-708b228b1a59 | SERIAL: 10 | IDP: [''] | MISMATCH | IDP result null/empty; Format difference: Serial=int, IDP=list
[2025-11-20 10:02:50.663] ARO-001-5d55ae5f-5e67-43f4-8261-3f527731ac96 | SERIAL: 2 | IDP: DETECTION_FAILED | MISMATCH | IDP result null/empty; Format difference: Serial=int, IDP=str
[2025-11-20 10:03:58.234] ARO-001-c6e6755c-c995-4077-a66c-838e880777c6 | SERIAL: 6 | IDP: [''] | MISMATCH | IDP result null/empty; Format difference: Serial=int, IDP=list
[2025-11-20 10:04:26.168] ARO-001-3849c955-238c-4d9e-92a7-57ab7c856066 | SERIAL: 10 | IDP: DETECTION_FAILED | MISMATCH | IDP result null/empty; Format difference: Serial=int, IDP=str
[2025-11-20 10:05:13.178] ARO-001-c643ee2f-50a4-4d1a-86e4-3aff958cd508 | SERIAL: 4 | IDP: DETECTION_FAILED | MISMATCH | IDP result null/empty; Format difference: Serial=int, IDP=str
[2025-11-20 10:06:18.753] ARO-001-c3136349-4d39-4f94-a447-c5c0f1ed4cb1 | SERIAL: 27 | IDP: [''] | MISMATCH | IDP result null/empty; Format difference: Serial=int, IDP=list
[2025-11-20 10:06:49.675] ARO-001-3d8e4499-fe9b-4ca5-8b1a-aa2f525c48b4 | SERIAL: 7 | IDP: DETECTION_FAILED | MISMATCH | IDP result null/empty; Format difference: Serial=int, IDP=str
[2025-11-20 10:07:56.769] ARO-001-e23c8579-84c9-441f-b3e8-6f211fd2a10d | SERIAL: 9 | IDP: [''] | MISMATCH | IDP result null/empty; Format difference: Serial=int, IDP=list
[2025-11-20 10:08:22.189] ARO-001-7294aeef-3062-40a2-bb8e-b39b6836612f | SERIAL: 1 | IDP: DETECTION_FAILED | MISMATCH | IDP result null/empty; Format difference: Serial=int, IDP=str
[2025-11-20 10:09:09.694] ARO-001-0fea8f18-6f40-4b9a-9e28-7e1c068858ba | SERIAL: 17 | IDP: DETECTION_FAILED | MISMATCH | IDP result null/empty; Format difference: Serial=int, IDP=str
[2025-11-20 10:09:54.208] ARO-001-b1e9f350-5894-4c90-a971-28835bda9888 | SERIAL: 17 | IDP: DETECTION_FAILED | MISMATCH | IDP result null/empty; Format difference: Serial=int, IDP=str
[2025-11-20 10:10:41.200] ARO-001-9fe3a3ed-febb-4756-ad54-76b7fcf56e3f | SERIAL: 10 | IDP: DETECTION_FAILED | MISMATCH | IDP result null/empty; Format difference: Serial=int, IDP=str
[2025-11-20 10:11:45.281] ARO-001-0e3b2b85-d838-4436-8487-0d1136f3e93c | SERIAL: 34 | IDP: [''] | MISMATCH | IDP result null/empty; Format difference: Serial=int, IDP=list
[2025-11-20 10:12:17.218] ARO-001-23b4fefd-ba95-478f-bdc1-898ae2381f7f | SERIAL: 13 | IDP: DETECTION_FAILED | MISMATCH | IDP result null/empty; Format difference: Serial=int, IDP=str
[2025-11-20 10:13:04.210] ARO-001-6bea8b4e-172c-4d1b-aaec-c0b378c0472e | SERIAL: 26 | IDP: DETECTION_FAILED | MISMATCH | IDP result null/empty; Format difference: Serial=int, IDP=str
[2025-11-20 10:14:09.798] ARO-001-f161e5d3-3765-4eb7-b094-1db937e3c0c9 | SERIAL: 8 | IDP: [''] | MISMATCH | IDP result null/empty; Format difference: Serial=int, IDP=list
[2025-11-20 10:14:38.229] ARO-001-8d42dba1-5d55-40e7-8c41-81a78240d759 | SERIAL: 1 | IDP: DETECTION_FAILED | MISMATCH | IDP result null/empty; Format difference: Serial=int, IDP=str
[2025-11-20 10:15:27.237] ARO-001-c08c9bf3-7574-45a8-acaa-a2673747eeee | SERIAL: 11 | IDP: DETECTION_FAILED | MISMATCH | IDP result null/empty; Format difference: Serial=int, IDP=str
[2025-11-20 10:16:32.316] ARO-001-f0203a06-35fa-4f9d-922f-66525bd57791 | SERIAL: 14 | IDP: [''] | MISMATCH | IDP result null/empty; Format difference: Serial=int, IDP=list
[2025-11-20 10:17:05.239] ARO-001-3f4ec0ff-d3b7-45d3-b5d1-07e49f38c3f4 | SERIAL: 36 | IDP: DETECTION_FAILED | MISMATCH | IDP result null/empty; Format difference: Serial=int, IDP=str
[2025-11-20 10:18:12.319] ARO-001-788fbc4c-e77b-4ba4-a8de-3def79b0124f | SERIAL: 31 | IDP: [''] | MISMATCH | IDP result null/empty; Format difference: Serial=int, IDP=list
[2025-11-20 10:18:43.753] ARO-001-e80ebaaa-b111-47e1-a407-0c65a74d6e85 | SERIAL: 29 | IDP: DETECTION_FAILED | MISMATCH | IDP result null/empty; Format difference: Serial=int, IDP=str
[2025-11-20 10:19:49.327] ARO-001-6de6082d-c8c7-423c-badc-4ea54e8d4fc1 | SERIAL: 11 | IDP: [''] | MISMATCH | IDP result null/empty; Format difference: Serial=int, IDP=list
[2025-11-20 10:20:19.755] ARO-001-29a90643-45d6-40ed-bdd5-aca9f1b3efa4 | SERIAL: 22 | IDP: DETECTION_FAILED | MISMATCH | IDP result null/empty; Format difference: Serial=int, IDP=str
[2025-11-20 10:21:08.764] ARO-001-5de3d28b-057b-4f16-b6b2-46caf8063ab2 | SERIAL: 9 | IDP: DETECTION_FAILED | MISMATCH | IDP result null/empty; Format difference: Serial=int, IDP=str
[2025-11-20 10:22:00.269] ARO-001-14371468-a9ac-4671-b381-43c66e52bb2f | SERIAL: 35 | IDP: DETECTION_FAILED | MISMATCH | IDP result null/empty; Format difference: Serial=int, IDP=str
[2025-11-20 10:23:09.345] ARO-001-b75ae47b-3a56-472b-956d-7ac71c750b46 | SERIAL: 5 | IDP: [''] | MISMATCH | IDP result null/empty; Format difference: Serial=int, IDP=list
[2025-11-20 10:24:03.843] ARO-001-8059ac55-d826-44d0-9010-ba598517dce0 | SERIAL: 8 | IDP: [''] | MISMATCH | IDP result null/empty; Format difference: Serial=int, IDP=list
[2025-11-20 10:24:30.784] ARO-001-21de6f77-3429-4219-b995-79bcdca3835e | SERIAL: 14 | IDP: DETECTION_FAILED | MISMATCH | IDP result null/empty; Format difference: Serial=int, IDP=str
[2025-11-20 10:25:40.357] ARO-001-eb6cec68-0aa4-4224-b0c8-6e41872cc3b0 | SERIAL: 28 | IDP: [''] | MISMATCH | IDP result null/empty; Format difference: Serial=int, IDP=list
[2025-11-20 10:26:25.870] ARO-001-5b14d442-9b45-481f-ae10-36e947908f3f | SERIAL: 26 | IDP: [''] | MISMATCH | IDP result null/empty; Format difference: Serial=int, IDP=list
[2025-11-20 10:27:21.860] ARO-001-03786366-fe7f-468a-9018-2d88b0e5cef2 | SERIAL: 36 | IDP: [''] | MISMATCH | IDP result null/empty; Format difference: Serial=int, IDP=list
[2025-11-20 10:28:10.383] ARO-001-91888c99-9950-46c7-95e0-c85a57d819e5 | SERIAL: 18 | IDP: [''] | MISMATCH | IDP result null/empty; Format difference: Serial=int, IDP=list
[2025-11-20 10:29:00.377] ARO-001-d6fc2985-9575-4a70-9168-82126072ed7a | SERIAL: 6 | IDP: [''] | MISMATCH | IDP result null/empty; Format difference: Serial=int, IDP=list
[2025-11-20 10:29:48.385] ARO-001-3192ebeb-f545-4492-8e80-91db14c6a628 | SERIAL: 12 | IDP: [''] | MISMATCH | IDP result null/empty; Format difference: Serial=int, IDP=list
[2025-11-20 10:30:38.896] ARO-001-395c8dda-b1a4-48ac-8430-301dc8ce9ca2 | SERIAL: 6 | IDP: [''] | MISMATCH | IDP result null/empty; Format difference: Serial=int, IDP=list
[2025-11-20 10:31:24.893] ARO-001-6893ff73-4b83-4169-a81b-e9bbc1883bed | SERIAL: 2 | IDP: [''] | MISMATCH | IDP result null/empty; Format difference: Serial=int, IDP=list
[2025-11-20 10:32:13.388] ARO-001-130ad37a-7539-499d-9d02-7606a09aa600 | SERIAL: 5 | IDP: [''] | MISMATCH | IDP result null/empty; Format difference: Serial=int, IDP=list
[2025-11-20 10:32:39.833] ARO-001-537288de-10ae-441d-87da-6711c46fba57 | SERIAL: 32 | IDP: DETECTION_FAILED | MISMATCH | IDP result null/empty; Format difference: Serial=int, IDP=str
[2025-11-20 10:34:47.837] ARO-001-cc1304b2-5109-4993-9766-5cb6f5b22afb | SERIAL: 32 | IDP: DETECTION_FAILED | MISMATCH | IDP result null/empty; Format difference: Serial=int, IDP=str
[2025-11-20 10:35:51.921] ARO-001-ca485e3b-11ea-43df-88b4-36d8d000e5bc | SERIAL: 2 | IDP: [''] | MISMATCH | IDP result null/empty; Format difference: Serial=int, IDP=list
[2025-11-20 10:36:19.855] ARO-001-55525281-d576-474d-ae51-ec0ec1cad11c | SERIAL: 7 | IDP: DETECTION_FAILED | MISMATCH | IDP result null/empty; Format difference: Serial=int, IDP=str
[2025-11-20 10:37:24.418] ARO-001-9af335b3-0de9-4779-b8b4-9e35de7b2cc7 | SERIAL: 20 | IDP: [''] | MISMATCH | IDP result null/empty; Format difference: Serial=int, IDP=list
[2025-11-20 10:38:12.443] ARO-001-0d122d9e-a2cb-487d-818a-c85772255c92 | SERIAL: 36 | IDP: [''] | MISMATCH | IDP result null/empty; Format difference: Serial=int, IDP=list
[2025-11-20 10:38:40.354] ARO-001-201a33e6-4bc7-4529-b4cc-0409aeea7f7b | SERIAL: 23 | IDP: DETECTION_FAILED | MISMATCH | IDP result null/empty; Format difference: Serial=int, IDP=str
[2025-11-20 10:39:47.939] ARO-001-3367350e-ac51-42b2-a9f9-d058dece7d61 | SERIAL: 3 | IDP: [''] | MISMATCH | IDP result null/empty; Format difference: Serial=int, IDP=list
[2025-11-20 10:40:36.937] ARO-001-0f8094fc-cbcd-43cc-ac6c-aa1a834ff39f | SERIAL: 16 | IDP: [''] | MISMATCH | IDP result null/empty; Format difference: Serial=int, IDP=list
[2025-11-20 10:41:05.381] ARO-001-43ef254b-72e3-4ed1-ba52-04f9fd654dbb | SERIAL: 6 | IDP: DETECTION_FAILED | MISMATCH | IDP result null/empty; Format difference: Serial=int, IDP=str
[2025-11-20 10:41:53.382] ARO-001-6761a0af-9468-4945-80fc-5bfb174e42be | SERIAL: 34 | IDP: DETECTION_FAILED | MISMATCH | IDP result null/empty; Format difference: Serial=int, IDP=str
[2025-11-20 10:43:02.464] ARO-001-52439927-2198-4f0b-b143-b8ef38dca323 | SERIAL: 11 | IDP: [''] | MISMATCH | IDP result null/empty; Format difference: Serial=int, IDP=list
[2025-11-20 10:43:47.468] ARO-001-389a30a4-175c-4699-837a-837c54aee02b | SERIAL: 13 | IDP: [''] | MISMATCH | IDP result null/empty; Format difference: Serial=int, IDP=list
[2025-11-20 10:44:34.975] ARO-001-27dc87d6-601b-4b18-856c-dbd337b14c1f | SERIAL: 26 | IDP: [''] | MISMATCH | IDP result null/empty; Format difference: Serial=int, IDP=list
[2025-11-20 10:45:26.973] ARO-001-453ccc47-f488-45e0-a0d1-09556a11c2ef | SERIAL: 24 | IDP: [''] | MISMATCH | IDP result null/empty; Format difference: Serial=int, IDP=list
[2025-11-20 10:46:01.404] ARO-001-65ada1b3-e366-41b2-b9b7-74903b23e8c8 | SERIAL: 17 | IDP: DETECTION_FAILED | MISMATCH | IDP result null/empty; Format difference: Serial=int, IDP=str
[2025-11-20 10:47:07.989] ARO-001-7bf6bee7-aeab-4d00-9894-98ef8501a51e | SERIAL: 13 | IDP: [''] | MISMATCH | IDP result null/empty; Format difference: Serial=int, IDP=list
[2025-11-20 10:47:57.488] ARO-001-d4d50d0f-e6b8-4990-82c9-78d6a30a6d2d | SERIAL: 20 | IDP: [''] | MISMATCH | IDP result null/empty; Format difference: Serial=int, IDP=list
[2025-11-20 10:48:22.910] ARO-001-0180ea03-ff6c-4f0e-89da-435977b6c9bd | SERIAL: 34 | IDP: DETECTION_FAILED | MISMATCH | IDP result null/empty; Format difference: Serial=int, IDP=str
[2025-11-20 10:49:27.496] ARO-001-0e882637-eb18-43be-9f28-8c56ecb94b12 | SERIAL: 10 | IDP: [''] | MISMATCH | IDP result null/empty; Format difference: Serial=int, IDP=list
[2025-11-20 10:50:16.001] ARO-001-eccdfe59-822e-453d-bb8a-93e97b3e500d | SERIAL: 24 | IDP: [''] | MISMATCH | IDP result null/empty; Format difference: Serial=int, IDP=list
[2025-11-20 10:50:46.930] ARO-001-639c6042-dbc0-4253-80e6-f5f706d2c3de | SERIAL: 2 | IDP: DETECTION_FAILED | MISMATCH | IDP result null/empty; Format difference: Serial=int, IDP=str
[2025-11-20 10:51:50.004] ARO-001-a408ecc7-9b80-45d0-a823-6fb10dcc6af9 | SERIAL: 20 | IDP: [''] | MISMATCH | IDP result null/empty; Format difference: Serial=int, IDP=list
[2025-11-20 10:52:18.931] ARO-001-1fed8e2c-5a90-4b45-b09a-35a32a81fc73 | SERIAL: 35 | IDP: DETECTION_FAILED | MISMATCH | IDP result null/empty; Format difference: Serial=int, IDP=str
[2025-11-20 10:53:23.016] ARO-001-ed32c304-8ca3-4d88-8aec-c5fd42dda702 | SERIAL: 32 | IDP: [''] | MISMATCH | IDP result null/empty; Format difference: Serial=int, IDP=list
[2025-11-20 10:54:14.524] ARO-001-97931033-e144-453b-9b0f-ebb267a61cdb | SERIAL: 29 | IDP: [''] | MISMATCH | IDP result null/empty; Format difference: Serial=int, IDP=list
[2025-11-20 10:55:01.021] ARO-001-27402e4e-ee0e-4a41-ad42-f3bf1f64a38b | SERIAL: 31 | IDP: [''] | MISMATCH | IDP result null/empty; Format difference: Serial=int, IDP=list
[2025-11-20 10:55:51.038] ARO-001-8004e201-fcf9-4d87-af34-9d96ad216796 | SERIAL: 36 | IDP: [''] | MISMATCH | IDP result null/empty; Format difference: Serial=int, IDP=list
[2025-11-20 10:56:39.035] ARO-001-5dfcbe71-b049-4e67-99f3-191007b2c15f | SERIAL: 24 | IDP: [''] | MISMATCH | IDP result null/empty; Format difference: Serial=int, IDP=list
[2025-11-20 10:57:07.465] ARO-001-30663ca3-bd4b-44c5-a1ca-41176949ba4a | SERIAL: 0 | IDP: DETECTION_FAILED | MISMATCH | IDP result null/empty; Format difference: Serial=int, IDP=str
[2025-11-20 10:57:58.474] ARO-001-b42c5378-34b5-4092-a96e-a64d47a974f9 | SERIAL: 22 | IDP: DETECTION_FAILED | MISMATCH | IDP result null/empty; Format difference: Serial=int, IDP=str
[2025-11-20 10:58:48.475] ARO-001-137b39b1-5061-42ed-a64a-5ae5b347d74c | SERIAL: 1 | IDP: DETECTION_FAILED | MISMATCH | IDP result null/empty; Format difference: Serial=int, IDP=str
[2025-11-20 10:59:32.972] ARO-001-e5e79a1b-43ba-4145-b7e4-8c4d1c2f1561 | SERIAL: 8 | IDP: DETECTION_FAILED | MISMATCH | IDP result null/empty; Format difference: Serial=int, IDP=str
[2025-11-20 11:00:41.552] ARO-001-6c0914a6-5327-47a4-8fc2-ba5259971298 | SERIAL: 24 | IDP: [''] | MISMATCH | IDP result null/empty; Format difference: Serial=int, IDP=list
[2025-11-20 11:01:26.068] ARO-001-d09d86ce-6153-4bfe-a593-cbb079d8dd4e | SERIAL: 20 | IDP: [''] | MISMATCH | IDP result null/empty; Format difference: Serial=int, IDP=list
[2025-11-20 11:02:20.063] ARO-001-ad9e427f-f86e-4636-a103-35e49ce26fdf | SERIAL: 16 | IDP: [''] | MISMATCH | IDP result null/empty; Format difference: Serial=int, IDP=list
[2025-11-20 11:03:08.559] ARO-001-f3d8af5d-e5f7-412c-9f4e-afdb238a36ed | SERIAL: 21 | IDP: [''] | MISMATCH | IDP result null/empty; Format difference: Serial=int, IDP=list
