2024-11-01 11:48:09,728 - INFO - [92mLine number: 1[0m
2024-11-01 11:48:09,729 - INFO - [92mLine number: 1[0m
2024-11-01 11:48:09,729 - INFO - [0mCurrent[92m [93mgame state:[0m idle[0m
2024-11-01 11:48:09,729 - INFO - [0mCurrent[92m [93mgame state:[0m idle[0m
2024-11-01 11:48:09,729 - INFO - [0mCurrent[92m [94mdata protocol mode:[0m None[0m
2024-11-01 11:48:09,729 - INFO - [0mCurrent[92m [94mdata protocol mode:[0m None[0m
2024-11-01 11:48:09,729 - INFO - [0mCurrent[91m [95mpower state:[0m [91moff[0m
2024-11-01 11:48:09,729 - INFO - [0mCurrent[91m [95mpower state:[0m [91moff[0m
2024-11-01 11:48:09,729 - INFO - Roulette simulator sent to SDP: b'*P 1'
2024-11-01 11:48:09,729 - INFO - *P 1
2024-11-01 11:48:09,729 - INFO - Roulette supposed to be received from SDP: *P 1
2024-11-01 11:48:09,729 - INFO - Error processing line 1: unknown power state.
2024-11-01 11:48:09,834 - INFO - [92mLine number: 2[0m
2024-11-01 11:48:09,835 - INFO - [92mLine number: 2[0m
2024-11-01 11:48:09,835 - INFO - [0mCurrent[92m [93mgame state:[0m start_game[0m
2024-11-01 11:48:09,835 - INFO - [0mCurrent[92m [93mgame state:[0m start_game[0m
2024-11-01 11:48:09,835 - INFO - [0mCurrent[92m [94mdata protocol mode:[0m [95mpower_setting_mode[0m[0m
2024-11-01 11:48:09,835 - INFO - [0mCurrent[92m [94mdata protocol mode:[0m [95mpower_setting_mode[0m[0m
2024-11-01 11:48:09,835 - INFO - [0mCurrent[92m [95mpower state:[0m [92mon[0m
2024-11-01 11:48:09,835 - INFO - [0mCurrent[92m [95mpower state:[0m [92mon[0m
2024-11-01 11:48:09,835 - INFO - Roulette simulator sent to SDP: b'*P OK'
2024-11-01 11:48:09,835 - INFO - Roulette simulator sent to SDP: b'*P OK'
2024-11-01 11:48:09,836 - INFO - Roulette supposed to be received from SDP: *P OK*P OK
2024-11-01 11:48:09,941 - INFO - [92mLine number: 3[0m
2024-11-01 11:48:09,941 - INFO - [0mCurrent[92m [93mgame state:[0m start_game[0m
2024-11-01 11:48:09,941 - INFO - [0mCurrent[92m [94mdata protocol mode:[0m [95mpower_setting_mode[0m[0m
2024-11-01 11:48:09,941 - INFO - [0mCurrent[92m [95mpower state:[0m [92mon[0m
2024-11-01 11:48:09,942 - INFO - Roulette simulator sent to SDP: b'*X;1;011;34;0;057;0'
2024-11-01 11:48:09,942 - INFO - Roulette supposed to be received from SDP: *X;1;011;34;0;057;0
2024-11-01 11:48:10,045 - INFO - [92mLine number: 3[0m
2024-11-01 11:48:10,045 - INFO - [0mCurrent[92m [93mgame state:[0m idle[0m
2024-11-01 11:48:10,045 - INFO - [0mCurrent[92m [94mdata protocol mode:[0m [92mgame_mode[0m[0m
2024-11-01 11:48:10,045 - INFO - [0mCurrent[92m [95mpower state:[0m [92mon[0m
2024-11-01 11:48:10,046 - INFO - Roulette simulator sent to SDP: b'*X;1;011;34;0;057;0'
2024-11-01 11:48:10,046 - INFO - Roulette supposed to be received from SDP: *X;1;011;34;0;057;0
2024-11-01 11:48:10,151 - INFO - [92mLine number: 4[0m
2024-11-01 11:48:10,151 - INFO - [0mCurrent[92m [93mgame state:[0m start_game[0m
2024-11-01 11:48:10,151 - INFO - [0mCurrent[92m [94mdata protocol mode:[0m [92mgame_mode[0m[0m
2024-11-01 11:48:10,152 - INFO - [0mCurrent[92m [95mpower state:[0m [92mon[0m
2024-11-01 11:48:10,152 - INFO - Roulette simulator sent to SDP: b'*X;1;011;34;0;157;0'
2024-11-01 11:48:10,152 - INFO - Roulette supposed to be received from SDP: *X;1;011;34;0;157;0
2024-11-01 11:48:10,257 - INFO - [92mLine number: 4[0m
2024-11-01 11:48:10,257 - INFO - [0mCurrent[92m [93mgame state:[0m idle[0m
2024-11-01 11:48:10,257 - INFO - [0mCurrent[92m [94mdata protocol mode:[0m [92mgame_mode[0m[0m
2024-11-01 11:48:10,257 - INFO - [0mCurrent[92m [95mpower state:[0m [92mon[0m
2024-11-01 11:48:10,257 - INFO - Roulette simulator sent to SDP: b'*X;1;011;34;0;157;0'
2024-11-01 11:48:10,257 - INFO - Roulette supposed to be received from SDP: *X;1;011;34;0;157;0
2024-11-01 11:48:10,363 - INFO - [92mLine number: 5[0m
2024-11-01 11:48:10,363 - INFO - [0mCurrent[92m [93mgame state:[0m start_game[0m
2024-11-01 11:48:10,363 - INFO - [0mCurrent[92m [94mdata protocol mode:[0m [92mgame_mode[0m[0m
2024-11-01 11:48:10,363 - INFO - [0mCurrent[92m [95mpower state:[0m [92mon[0m
2024-11-01 11:48:10,363 - INFO - Roulette simulator sent to SDP: b'*X;1;011;34;0;159;0'
2024-11-01 11:48:10,363 - INFO - Roulette supposed to be received from SDP: *X;1;011;34;0;159;0
2024-11-01 11:48:10,468 - INFO - [92mLine number: 5[0m
2024-11-01 11:48:10,468 - INFO - [0mCurrent[92m [93mgame state:[0m idle[0m
2024-11-01 11:48:10,468 - INFO - [0mCurrent[92m [94mdata protocol mode:[0m [92mgame_mode[0m[0m
2024-11-01 11:48:10,468 - INFO - [0mCurrent[92m [95mpower state:[0m [92mon[0m
2024-11-01 11:48:10,469 - INFO - Roulette simulator sent to SDP: b'*X;1;011;34;0;159;0'
2024-11-01 11:48:10,469 - INFO - Roulette supposed to be received from SDP: *X;1;011;34;0;159;0
2024-11-01 11:48:10,574 - INFO - [92mLine number: 6[0m
2024-11-01 11:48:10,574 - INFO - [0mCurrent[92m [93mgame state:[0m start_game[0m
2024-11-01 11:48:10,574 - INFO - [0mCurrent[92m [94mdata protocol mode:[0m [92mgame_mode[0m[0m
2024-11-01 11:48:10,574 - INFO - [0mCurrent[92m [95mpower state:[0m [92mon[0m
2024-11-01 11:48:10,574 - INFO - Roulette simulator sent to SDP: b'*X;1;011;34;0;155;0'
2024-11-01 11:48:10,574 - INFO - Roulette supposed to be received from SDP: *X;1;011;34;0;155;0
2024-11-01 11:48:10,680 - INFO - [92mLine number: 6[0m
2024-11-01 11:48:10,680 - INFO - [0mCurrent[92m [93mgame state:[0m idle[0m
2024-11-01 11:48:10,680 - INFO - [0mCurrent[92m [94mdata protocol mode:[0m [92mgame_mode[0m[0m
2024-11-01 11:48:10,680 - INFO - [0mCurrent[92m [95mpower state:[0m [92mon[0m
2024-11-01 11:48:10,681 - INFO - Roulette simulator sent to SDP: b'*X;1;011;34;0;155;0'
2024-11-01 11:48:10,681 - INFO - Roulette supposed to be received from SDP: *X;1;011;34;0;155;0
2024-11-01 11:48:10,784 - INFO - [92mLine number: 7[0m
2024-11-01 11:48:10,784 - INFO - [0mCurrent[92m [93mgame state:[0m start_game[0m
2024-11-01 11:48:10,784 - INFO - [0mCurrent[92m [94mdata protocol mode:[0m [92mgame_mode[0m[0m
2024-11-01 11:48:10,784 - INFO - [0mCurrent[92m [95mpower state:[0m [92mon[0m
2024-11-01 11:48:10,784 - INFO - Roulette simulator sent to SDP: b'*X;1;011;34;0;158;0'
2024-11-01 11:48:10,784 - INFO - Roulette supposed to be received from SDP: *X;1;011;34;0;158;0
2024-11-01 11:48:10,889 - INFO - [92mLine number: 7[0m
2024-11-01 11:48:10,890 - INFO - [0mCurrent[92m [93mgame state:[0m idle[0m
2024-11-01 11:48:10,890 - INFO - [0mCurrent[92m [94mdata protocol mode:[0m [92mgame_mode[0m[0m
2024-11-01 11:48:10,890 - INFO - [0mCurrent[92m [95mpower state:[0m [92mon[0m
2024-11-01 11:48:10,890 - INFO - Roulette simulator sent to SDP: b'*X;1;011;34;0;158;0'
2024-11-01 11:48:10,890 - INFO - Roulette supposed to be received from SDP: *X;1;011;34;0;158;0
2024-11-01 11:48:10,995 - INFO - [92mLine number: 8[0m
2024-11-01 11:48:10,995 - INFO - [0mCurrent[92m [93mgame state:[0m start_game[0m
2024-11-01 11:48:10,995 - INFO - [0mCurrent[92m [94mdata protocol mode:[0m [92mgame_mode[0m[0m
2024-11-01 11:48:10,995 - INFO - [0mCurrent[92m [95mpower state:[0m [92mon[0m
2024-11-01 11:48:10,995 - INFO - Roulette simulator sent to SDP: b'*X;1;011;34;0;163;0'
2024-11-01 11:48:10,995 - INFO - Roulette supposed to be received from SDP: *X;1;011;34;0;163;0
2024-11-01 11:48:11,100 - INFO - [92mLine number: 8[0m
2024-11-01 11:48:11,101 - INFO - [0mCurrent[92m [93mgame state:[0m idle[0m
2024-11-01 11:48:11,101 - INFO - [0mCurrent[92m [94mdata protocol mode:[0m [92mgame_mode[0m[0m
2024-11-01 11:48:11,101 - INFO - [0mCurrent[92m [95mpower state:[0m [92mon[0m
2024-11-01 11:48:11,101 - INFO - Roulette simulator sent to SDP: b'*X;1;011;34;0;163;0'
2024-11-01 11:48:11,101 - INFO - Roulette supposed to be received from SDP: *X;1;011;34;0;163;0
2024-11-01 11:48:11,204 - INFO - [92mLine number: 9[0m
2024-11-01 11:48:11,204 - INFO - [0mCurrent[92m [93mgame state:[0m start_game[0m
2024-11-01 11:48:11,205 - INFO - [0mCurrent[92m [94mdata protocol mode:[0m [92mgame_mode[0m[0m
2024-11-01 11:48:11,205 - INFO - [0mCurrent[92m [95mpower state:[0m [92mon[0m
2024-11-01 11:48:11,205 - INFO - Roulette simulator sent to SDP: b'*X;1;011;34;0;157;0'
2024-11-01 11:48:11,205 - INFO - Roulette supposed to be received from SDP: *X;1;011;34;0;157;0
2024-11-01 11:48:11,311 - INFO - [92mLine number: 9[0m
2024-11-01 11:48:11,311 - INFO - [0mCurrent[92m [93mgame state:[0m idle[0m
2024-11-01 11:48:11,311 - INFO - [0mCurrent[92m [94mdata protocol mode:[0m [92mgame_mode[0m[0m
2024-11-01 11:48:11,312 - INFO - [0mCurrent[92m [95mpower state:[0m [92mon[0m
2024-11-01 11:48:11,312 - INFO - Roulette simulator sent to SDP: b'*X;1;011;34;0;157;0'
2024-11-01 11:48:11,312 - INFO - Roulette supposed to be received from SDP: *X;1;011;34;0;157;0
2024-11-01 11:48:11,417 - INFO - [92mLine number: 10[0m
2024-11-01 11:48:11,418 - INFO - [0mCurrent[92m [93mgame state:[0m start_game[0m
2024-11-01 11:48:11,418 - INFO - [0mCurrent[92m [94mdata protocol mode:[0m [92mgame_mode[0m[0m
2024-11-01 11:48:11,418 - INFO - [0mCurrent[92m [95mpower state:[0m [92mon[0m
2024-11-01 11:48:11,419 - INFO - Roulette simulator sent to SDP: b'*X;1;011;34;0;158;0'
2024-11-01 11:48:11,419 - INFO - Roulette supposed to be received from SDP: *X;1;011;34;0;158;0
2024-11-01 11:48:11,521 - INFO - [92mLine number: 10[0m
2024-11-01 11:48:11,521 - INFO - [0mCurrent[92m [93mgame state:[0m idle[0m
2024-11-01 11:48:11,521 - INFO - [0mCurrent[92m [94mdata protocol mode:[0m [92mgame_mode[0m[0m
2024-11-01 11:48:11,522 - INFO - [0mCurrent[92m [95mpower state:[0m [92mon[0m
2024-11-01 11:48:11,523 - INFO - Roulette simulator sent to SDP: b'*X;1;011;34;0;158;0'
2024-11-01 11:48:11,523 - INFO - Roulette supposed to be received from SDP: *X;1;011;34;0;158;0
2024-11-01 11:48:11,628 - INFO - [92mLine number: 11[0m
2024-11-01 11:48:11,628 - INFO - [0mCurrent[92m [93mgame state:[0m start_game[0m
2024-11-01 11:48:11,628 - INFO - [0mCurrent[92m [94mdata protocol mode:[0m [92mgame_mode[0m[0m
2024-11-01 11:48:11,629 - INFO - [0mCurrent[92m [95mpower state:[0m [92mon[0m
2024-11-01 11:48:11,629 - INFO - Roulette simulator sent to SDP: b'*X;1;011;34;0;162;0'
2024-11-01 11:48:11,629 - INFO - Roulette supposed to be received from SDP: *X;1;011;34;0;162;0
2024-11-01 11:48:11,735 - INFO - [92mLine number: 11[0m
2024-11-01 11:48:11,735 - INFO - [0mCurrent[92m [93mgame state:[0m idle[0m
2024-11-01 11:48:11,735 - INFO - [0mCurrent[92m [94mdata protocol mode:[0m [92mgame_mode[0m[0m
2024-11-01 11:48:11,735 - INFO - [0mCurrent[92m [95mpower state:[0m [92mon[0m
2024-11-01 11:48:11,735 - INFO - Roulette simulator sent to SDP: b'*X;1;011;34;0;162;0'
2024-11-01 11:48:11,735 - INFO - Roulette supposed to be received from SDP: *X;1;011;34;0;162;0
2024-11-01 11:48:11,840 - INFO - [92mLine number: 12[0m
2024-11-01 11:48:11,840 - INFO - [0mCurrent[92m [93mgame state:[0m start_game[0m
2024-11-01 11:48:11,840 - INFO - [0mCurrent[92m [94mdata protocol mode:[0m [92mgame_mode[0m[0m
2024-11-01 11:48:11,840 - INFO - [0mCurrent[92m [95mpower state:[0m [92mon[0m
2024-11-01 11:48:11,841 - INFO - Roulette simulator sent to SDP: b'*X;1;011;34;0;157;0'
2024-11-01 11:48:11,841 - INFO - Roulette supposed to be received from SDP: *X;1;011;34;0;157;0
2024-11-01 11:48:11,946 - INFO - [92mLine number: 12[0m
2024-11-01 11:48:11,946 - INFO - [0mCurrent[92m [93mgame state:[0m idle[0m
2024-11-01 11:48:11,946 - INFO - [0mCurrent[92m [94mdata protocol mode:[0m [92mgame_mode[0m[0m
2024-11-01 11:48:11,946 - INFO - [0mCurrent[92m [95mpower state:[0m [92mon[0m
2024-11-01 11:48:11,947 - INFO - Roulette simulator sent to SDP: b'*X;1;011;34;0;157;0'
2024-11-01 11:48:11,947 - INFO - Roulette supposed to be received from SDP: *X;1;011;34;0;157;0
2024-11-01 11:48:12,049 - INFO - [92mLine number: 13[0m
2024-11-01 11:48:12,050 - INFO - [0mCurrent[92m [93mgame state:[0m start_game[0m
2024-11-01 11:48:12,050 - INFO - [0mCurrent[92m [94mdata protocol mode:[0m [92mgame_mode[0m[0m
2024-11-01 11:48:12,050 - INFO - [0mCurrent[92m [95mpower state:[0m [92mon[0m
2024-11-01 11:48:12,051 - INFO - Roulette simulator sent to SDP: b'*X;1;011;34;0;155;0'
2024-11-01 11:48:12,051 - INFO - Roulette supposed to be received from SDP: *X;1;011;34;0;155;0
2024-11-01 11:48:12,153 - INFO - [92mLine number: 13[0m
2024-11-01 11:48:12,153 - INFO - [0mCurrent[92m [93mgame state:[0m idle[0m
2024-11-01 11:48:12,153 - INFO - [0mCurrent[92m [94mdata protocol mode:[0m [92mgame_mode[0m[0m
2024-11-01 11:48:12,154 - INFO - [0mCurrent[92m [95mpower state:[0m [92mon[0m
2024-11-01 11:48:12,154 - INFO - Roulette simulator sent to SDP: b'*X;1;011;34;0;155;0'
2024-11-01 11:48:12,154 - INFO - Roulette supposed to be received from SDP: *X;1;011;34;0;155;0
2024-11-01 11:48:12,260 - INFO - [92mLine number: 14[0m
2024-11-01 11:48:12,260 - INFO - [0mCurrent[92m [93mgame state:[0m start_game[0m
2024-11-01 11:48:12,261 - INFO - [0mCurrent[92m [94mdata protocol mode:[0m [92mgame_mode[0m[0m
2024-11-01 11:48:12,261 - INFO - [0mCurrent[92m [95mpower state:[0m [92mon[0m
2024-11-01 11:48:12,261 - INFO - Roulette simulator sent to SDP: b'*X;1;011;34;0;159;0'
2024-11-01 11:48:12,261 - INFO - Roulette supposed to be received from SDP: *X;1;011;34;0;159;0
2024-11-01 11:48:12,363 - INFO - [92mLine number: 14[0m
2024-11-01 11:48:12,363 - INFO - [0mCurrent[92m [93mgame state:[0m idle[0m
2024-11-01 11:48:12,363 - INFO - [0mCurrent[92m [94mdata protocol mode:[0m [92mgame_mode[0m[0m
2024-11-01 11:48:12,363 - INFO - [0mCurrent[92m [95mpower state:[0m [92mon[0m
2024-11-01 11:48:12,363 - INFO - Roulette simulator sent to SDP: b'*X;1;011;34;0;159;0'
2024-11-01 11:48:12,363 - INFO - Roulette supposed to be received from SDP: *X;1;011;34;0;159;0
2024-11-01 11:48:12,469 - INFO - [92mLine number: 15[0m
2024-11-01 11:48:12,469 - INFO - [0mCurrent[92m [93mgame state:[0m start_game[0m
2024-11-01 11:48:12,469 - INFO - [0mCurrent[92m [94mdata protocol mode:[0m [92mgame_mode[0m[0m
2024-11-01 11:48:12,469 - INFO - [0mCurrent[92m [95mpower state:[0m [92mon[0m
2024-11-01 11:48:12,469 - INFO - Roulette simulator sent to SDP: b'*X;1;011;34;0;160;0'
2024-11-01 11:48:12,469 - INFO - Roulette supposed to be received from SDP: *X;1;011;34;0;160;0
2024-11-01 11:48:12,570 - INFO - [92mLine number: 15[0m
2024-11-01 11:48:12,570 - INFO - [0mCurrent[92m [93mgame state:[0m idle[0m
2024-11-01 11:48:12,570 - INFO - [0mCurrent[92m [94mdata protocol mode:[0m [92mgame_mode[0m[0m
2024-11-01 11:48:12,570 - INFO - [0mCurrent[92m [95mpower state:[0m [92mon[0m
2024-11-01 11:48:12,570 - INFO - Roulette simulator sent to SDP: b'*X;1;011;34;0;160;0'
2024-11-01 11:48:12,570 - INFO - Roulette supposed to be received from SDP: *X;1;011;34;0;160;0
2024-11-01 11:48:12,675 - INFO - [92mLine number: 16[0m
2024-11-01 11:48:12,676 - INFO - [0mCurrent[92m [93mgame state:[0m start_game[0m
2024-11-01 11:48:12,676 - INFO - [0mCurrent[92m [94mdata protocol mode:[0m [92mgame_mode[0m[0m
2024-11-01 11:48:12,676 - INFO - [0mCurrent[92m [95mpower state:[0m [92mon[0m
2024-11-01 11:48:12,677 - INFO - Roulette simulator sent to SDP: b'*X;1;011;34;0;155;0'
2024-11-01 11:48:12,677 - INFO - Roulette supposed to be received from SDP: *X;1;011;34;0;155;0
2024-11-01 11:48:12,782 - INFO - [92mLine number: 16[0m
2024-11-01 11:48:12,782 - INFO - [0mCurrent[92m [93mgame state:[0m idle[0m
2024-11-01 11:48:12,783 - INFO - [0mCurrent[92m [94mdata protocol mode:[0m [92mgame_mode[0m[0m
2024-11-01 11:48:12,783 - INFO - [0mCurrent[92m [95mpower state:[0m [92mon[0m
2024-11-01 11:48:12,783 - INFO - Roulette simulator sent to SDP: b'*X;1;011;34;0;155;0'
2024-11-01 11:48:12,783 - INFO - Roulette supposed to be received from SDP: *X;1;011;34;0;155;0
2024-11-01 11:48:12,884 - INFO - [92mLine number: 17[0m
2024-11-01 11:48:12,884 - INFO - [0mCurrent[92m [93mgame state:[0m start_game[0m
2024-11-01 11:48:12,884 - INFO - [0mCurrent[92m [94mdata protocol mode:[0m [92mgame_mode[0m[0m
2024-11-01 11:48:12,884 - INFO - [0mCurrent[92m [95mpower state:[0m [92mon[0m
2024-11-01 11:48:12,885 - INFO - Roulette simulator sent to SDP: b'*X;1;011;34;0;159;0'
2024-11-01 11:48:12,885 - INFO - Roulette supposed to be received from SDP: *X;1;011;34;0;159;0
2024-11-01 11:48:12,986 - INFO - [92mLine number: 17[0m
2024-11-01 11:48:12,986 - INFO - [0mCurrent[92m [93mgame state:[0m idle[0m
2024-11-01 11:48:12,986 - INFO - [0mCurrent[92m [94mdata protocol mode:[0m [92mgame_mode[0m[0m
2024-11-01 11:48:12,986 - INFO - [0mCurrent[92m [95mpower state:[0m [92mon[0m
2024-11-01 11:48:12,987 - INFO - Roulette simulator sent to SDP: b'*X;1;011;34;0;159;0'
2024-11-01 11:48:12,987 - INFO - Roulette supposed to be received from SDP: *X;1;011;34;0;159;0
2024-11-01 11:48:13,092 - INFO - [92mLine number: 18[0m
2024-11-01 11:48:13,092 - INFO - [0mCurrent[92m [93mgame state:[0m start_game[0m
2024-11-01 11:48:13,093 - INFO - [0mCurrent[92m [94mdata protocol mode:[0m [92mgame_mode[0m[0m
2024-11-01 11:48:13,093 - INFO - [0mCurrent[92m [95mpower state:[0m [92mon[0m
2024-11-01 11:48:13,093 - INFO - Roulette simulator sent to SDP: b'*X;1;011;34;0;159;0'
2024-11-01 11:48:13,093 - INFO - Roulette supposed to be received from SDP: *X;1;011;34;0;159;0
2024-11-01 11:48:13,163 - INFO - Stopping roulette simulator by keyboard interrupt...
