*P 1
*P OK
*X;1;011;34;0;057;0
*X;2;011;34;0;154;0
*X;3;011;34;0;141;1
*X;4;011;34;0;139;1
27
*X;5;011;27;0;136;1
*X;2;012;27;0;070;0
*X;3;012;27;0;161;0
*X;4;012;27;0;152;0
16
*X;5;012;16;0;154;0
*X;2;013;16;0;152;0
*X;3;013;16;0;170;1
*X;4;013;16;0;180;1
 6
*X;5;013; 6;0;177;1
*X;2;014; 6;0;181;1
*X;3;014; 6;0;167;0
*X;4;014; 6;0;162;0
 3
*X;5;014; 3;0;164;0
*X;2;015; 3;0;165;0
*X;3;015; 3;0;141;1
*X;4;015; 3;0;146;1
10
*X;5;015;10;0;147;1
*X;2;016;10;0;053;0
*X;3;016;10;0;162;0
*X;4;016;10;0;153;0
 0
*X;5;016; 0;0;149;0
*X;2;017; 0;0;151;0
*P 0
*P OK
*X;6;017; 0;0;004;0